{"logTime": "0410/113302", "correlationVector":"c92xKk5lfXmRuV4cyeYKmK","action":"SyncServerConnectionManagerRequest", "result":"CONNECTION_UNAVAILABLE", "context":{"error_type":"net_error_code", "error_value":"-105"}}
{"logTime": "0410/113319", "correlationVector":"y0Rm2aYtUPNLFG0ZyO5wmS.1","action":"SyncServerConnectionManagerRequest", "result":"SYNC_SERVER_OK", "context":{"environment":"", "migrationStage":"", "server":""}}
{"logTime": "0410/113319", "correlationVector":"y0Rm2aYtUPNLFG0ZyO5wmS.2","action":"EncryptionKeysFetcher.DownloadKeys:", "result":"Success", "context":Key count: 3, Last key timestamp: 2025-01-19T22:20:10Z}
{"logTime": "0410/113319", "correlationVector":"y0Rm2aYtUPNLFG0ZyO5wmS.3","action":"EncryptionKeysManager::SetEncryptionKeys:", "result":"Success", "context":Key names[3]:[yBpMfESFDNBicNUdebaGWQyaRy+h2itFutpocZifETkhNTPSmUgaGGSsu1VJfssvn0wZ8VLQhoJZBW2zInAq9A==][7AdmawW90E4PhyYoWNgy7DV0v1awXQ6cBUa2Zfw7ncLm3PddzDmVKY2VHQNc/+F4DJ3Jwzs1R+beLOEs41UfXA==][GuS22pzAv5jxhBIST1kw54p8QZh31J+mWWB0khUVQgRKke7YcQUoBVQg+iJ2cGwrZEw+3RZguMM69SmOqEI5gw==]}
{"logTime": "0410/113319", "correlationVector":"y0Rm2aYtUPNLFG0ZyO5wmS.4","action":"EncryptionKeysManager::SetEncryptionKeysWithTimestamps:", "result":"Success", "context":Key timestamps[3]:[2022-09-21T22:59:03Z][2024-02-19T11:34:33Z][2025-01-19T22:20:10Z]}
{"logTime": "0410/113418", "correlationVector":"7YzdEnx+0TYPxuOLObN6Zm.1","action":"SyncServerConnectionManagerRequest", "result":"SYNC_SERVER_OK", "context":{"environment":"Prod_westeurope_prod-s01-080-eur-westeurope", "migrationStage":"NotStarted", "server":"akswtt00900003i"}}
{"logTime": "0410/113418", "correlationVector":"7YzdEnx+0TYPxuOLObN6Zm.2","action":"ProcessGetUpdates", "result":"Done", "context":{"dataType":"Encryption Keys", "deleted":"0", "process_failed_to_decrypt":"0", "process_pending_decryption":"0", "process_success":"1", "total":"1"}}
{"logTime": "0410/113418", "correlationVector":"c92xKk5lfXmRuV4cyeYKmK","action":"Initial GetUpdates", "result":"", "context":Reason: NEW_CLIENT. cV=c92xKk5lfXmRuV4cyeYKmK}
{"logTime": "0410/113418", "correlationVector":"y0Rm2aYtUPNLFG0ZyO5wmS.0","action":"GetUpdates Response", "result":"Network error (ERR_NAME_NOT_RESOLVED)", "context":Received error: Network error (ERR_NAME_NOT_RESOLVED). }
{"logTime": "0410/113418", "correlationVector":"7YzdEnx+0TYPxuOLObN6Zm","action":"Initial GetUpdates", "result":"", "context":Reason: NEW_CLIENT. cV=7YzdEnx+0TYPxuOLObN6Zm}
{"logTime": "0410/113418", "correlationVector":"7YzdEnx+0TYPxuOLObN6Zm.3","action":"GetUpdates Response", "result":"Success", "context":Received 1 update(s). cV=7YzdEnx+0TYPxuOLObN6Zm.0;server=akswtt00900003i;cloudType=Consumer;environment=Prod_westeurope_prod-s01-080-eur-westeurope;migrationStage=NotStarted}
{"logTime": "0410/113418", "correlationVector":"bO4pSgIumsOktifQeegiWo","action":"Initial GetUpdates", "result":"", "context":Reason: NEW_CLIENT. cV=bO4pSgIumsOktifQeegiWo}
{"logTime": "0410/113418", "correlationVector":"bO4pSgIumsOktifQeegiWo.1","action":"SyncServerConnectionManagerRequest", "result":"SYNC_SERVER_OK", "context":{"environment":"Prod_westeurope_prod-s01-080-eur-westeurope", "migrationStage":"NotStarted", "server":"akswtt009000076"}}
{"logTime": "0410/113418", "correlationVector":"bO4pSgIumsOktifQeegiWo.2","action":"ProcessGetUpdates", "result":"Done", "context":{"dataType":"Preferences", "deleted":"0", "process_failed_to_decrypt":"0", "process_pending_decryption":"0", "process_success":"39", "total":"39"}}
{"logTime": "0410/113418", "correlationVector":"bO4pSgIumsOktifQeegiWo.3","action":"ProcessGetUpdates", "result":"Done", "context":{"dataType":"Passwords", "deleted":"0", "process_failed_to_decrypt":"0", "process_pending_decryption":"0", "process_success":"63", "total":"63"}}
{"logTime": "0410/113418", "correlationVector":"bO4pSgIumsOktifQeegiWo.4","action":"ProcessGetUpdates", "result":"Done", "context":{"dataType":"Device Info", "deleted":"0", "process_failed_to_decrypt":"0", "process_pending_decryption":"0", "process_success":"7", "total":"7"}}
{"logTime": "0410/113418", "correlationVector":"bO4pSgIumsOktifQeegiWo.5","action":"GetUpdates Response", "result":"Success", "context":Received 109 update(s). cV=bO4pSgIumsOktifQeegiWo.0;server=akswtt009000076;cloudType=Consumer;environment=Prod_westeurope_prod-s01-080-eur-westeurope;migrationStage=NotStarted}
{"logTime": "0410/113419", "correlationVector":"ETQ6/ZV6/W3BA/1Nosd5GX","action":"Initial GetUpdates", "result":"", "context":Reason: NEW_CLIENT. cV=ETQ6/ZV6/W3BA/1Nosd5GX}
{"logTime": "0410/113419", "correlationVector":"ETQ6/ZV6/W3BA/1Nosd5GX.1","action":"SyncServerConnectionManagerRequest", "result":"SYNC_SERVER_OK", "context":{"environment":"Prod_westeurope_prod-s01-080-eur-westeurope", "migrationStage":"NotStarted", "server":"akswtt00900004v"}}
{"logTime": "0410/113419", "correlationVector":"ETQ6/ZV6/W3BA/1Nosd5GX.2","action":"ProcessGetUpdates", "result":"Done", "context":{"dataType":"Bookmarks", "deleted":"0", "process_failed_to_decrypt":"0", "process_pending_decryption":"0", "process_success":"10", "total":"10"}}
{"logTime": "0410/113419", "correlationVector":"ETQ6/ZV6/W3BA/1Nosd5GX.3","action":"GetUpdates Response", "result":"Success", "context":Received 10 update(s). cV=ETQ6/ZV6/W3BA/1Nosd5GX.0;server=akswtt00900004v;cloudType=Consumer;environment=Prod_westeurope_prod-s01-080-eur-westeurope;migrationStage=NotStarted}
{"logTime": "0410/113419", "correlationVector":"cEB0h1aCJh9aOjqbTnlX70","action":"Initial GetUpdates", "result":"", "context":Reason: NEW_CLIENT. cV=cEB0h1aCJh9aOjqbTnlX70}
{"logTime": "0410/113419", "correlationVector":"cEB0h1aCJh9aOjqbTnlX70.1","action":"SyncServerConnectionManagerRequest", "result":"SYNC_SERVER_OK", "context":{"environment":"Prod_westeurope_prod-s01-080-eur-westeurope", "migrationStage":"NotStarted", "server":"akswtt00900007a"}}
{"logTime": "0410/113419", "correlationVector":"cEB0h1aCJh9aOjqbTnlX70.2","action":"ProcessGetUpdates", "result":"Done", "context":{"dataType":"Autofill Profiles", "deleted":"0", "process_failed_to_decrypt":"0", "process_pending_decryption":"0", "process_success":"2", "total":"2"}}
{"logTime": "0410/113419", "correlationVector":"cEB0h1aCJh9aOjqbTnlX70.3","action":"ProcessGetUpdates", "result":"Done", "context":{"dataType":"Autofill", "deleted":"0", "process_failed_to_decrypt":"0", "process_pending_decryption":"0", "process_success":"8", "total":"8"}}
{"logTime": "0410/113419", "correlationVector":"cEB0h1aCJh9aOjqbTnlX70.4","action":"ProcessGetUpdates", "result":"Done", "context":{"dataType":"Sessions", "deleted":"0", "process_failed_to_decrypt":"0", "process_pending_decryption":"0", "process_success":"7", "total":"7"}}
{"logTime": "0410/113419", "correlationVector":"cEB0h1aCJh9aOjqbTnlX70.5","action":"ProcessGetUpdates", "result":"Done", "context":{"dataType":"Edge Hub App Usage", "deleted":"0", "process_failed_to_decrypt":"0", "process_pending_decryption":"0", "process_success":"1", "total":"1"}}
{"logTime": "0410/113419", "correlationVector":"cEB0h1aCJh9aOjqbTnlX70.6","action":"GetUpdates Response", "result":"Success", "context":Received 18 update(s). cV=cEB0h1aCJh9aOjqbTnlX70.0;server=akswtt00900007a;cloudType=Consumer;environment=Prod_westeurope_prod-s01-080-eur-westeurope;migrationStage=NotStarted}
{"logTime": "0410/113419", "correlationVector":"g2MFXUX8lG+McDyPyBjCtk","action":"Initial GetUpdates", "result":"", "context":Reason: NEW_CLIENT. cV=g2MFXUX8lG+McDyPyBjCtk}
{"logTime": "0410/113419", "correlationVector":"g2MFXUX8lG+McDyPyBjCtk.1","action":"SyncServerConnectionManagerRequest", "result":"SYNC_SERVER_OK", "context":{"environment":"Prod_westeurope_prod-s01-080-eur-westeurope", "migrationStage":"NotStarted", "server":"akswtt00900003c"}}
{"logTime": "0410/113419", "correlationVector":"g2MFXUX8lG+McDyPyBjCtk.2","action":"ProcessGetUpdates", "result":"Done", "context":{"dataType":"History", "deleted":"0", "process_failed_to_decrypt":"0", "process_pending_decryption":"0", "process_success":"64", "total":"64"}}
{"logTime": "0410/113419", "correlationVector":"g2MFXUX8lG+McDyPyBjCtk.3","action":"GetUpdates Response", "result":"Success", "context":Received 64 update(s). cV=g2MFXUX8lG+McDyPyBjCtk.0;server=akswtt00900003c;cloudType=Consumer;environment=Prod_westeurope_prod-s01-080-eur-westeurope;migrationStage=NotStarted}
{"logTime": "0410/113419", "correlationVector":"nOfUDEjdQaEloxVMdWMYij","action":"Normal GetUpdate request", "result":"", "context":cV=nOfUDEjdQaEloxVMdWMYij
Nudged types: Sessions, Device Info, User Consents
Refresh requested types: Bookmarks, Preferences, Passwords, Autofill Profiles, Autofill, Extensions, Sessions, Extension settings, History Delete Directives, Device Info, User Consents, Send Tab To Self, Web Apps, History, Saved Tab Group, Collection, Edge E Drop, Edge Hub App Usage, Edge Tab Group, Edge Wallet, Encryption Keys}
{"logTime": "0410/113419", "correlationVector":"nOfUDEjdQaEloxVMdWMYij.1","action":"SyncServerConnectionManagerRequest", "result":"SYNC_SERVER_OK", "context":{"environment":"Prod_westeurope_prod-s01-080-eur-westeurope", "migrationStage":"NotStarted", "server":"akswtt00900004x"}}
{"logTime": "0410/113419", "correlationVector":"nOfUDEjdQaEloxVMdWMYij.2","action":"GetUpdates Response", "result":"Success", "context":Received 0 update(s). cV=nOfUDEjdQaEloxVMdWMYij.0;server=akswtt00900004x;cloudType=Consumer;environment=Prod_westeurope_prod-s01-080-eur-westeurope;migrationStage=NotStarted}
{"logTime": "0410/113419", "correlationVector":"7SNwE8UmID2/qOSQuMxOvq","action":"DoCompareDataConsistency requsted types: ", "result":"Bookmarks, Preferences, Passwords, Extensions, Extension settings, History Delete Directives, Send Tab To Self, Web Apps, History, Saved Tab Group, Collection, Edge E Drop, Edge Tab Group, Edge Wallet, Encryption Keys"}
{"logTime": "0410/113419", "correlationVector":"7SNwE8UmID2/qOSQuMxOvq.0","action":"CompareDataConsistency result: ", "result":"Compare result: Encryption Keys is consistent. local entities count is: 1 local entities hash is: a6ln0h9UUakWN1TQn7Jsc3xmFBY="}
{"logTime": "0410/113419", "correlationVector":"7SNwE8UmID2/qOSQuMxOvq.1","action":"CompareDataConsistency result: ", "result":"Compare result: Bookmarks is consistent. local entities count is: 5 local entities hash is: MeFyzIoADNRxgck5wbzGFt4FZd4="}
{"logTime": "0410/113419", "correlationVector":"7SNwE8UmID2/qOSQuMxOvq.2","action":"CompareDataConsistency result: ", "result":"Compare result: Preferences is consistent. local entities count is: 39 local entities hash is: GgU7186ablX3BFG1cJo2zRM6JaM="}
{"logTime": "0410/113419", "correlationVector":"7SNwE8UmID2/qOSQuMxOvq.3","action":"CompareDataConsistency result: ", "result":"Compare result: Passwords is consistent. local entities count is: 63 local entities hash is: UNt7y3V3X8i+5PLHK4QCRk3mLP4="}
{"logTime": "0410/113419", "correlationVector":"7SNwE8UmID2/qOSQuMxOvq.4","action":"CompareDataConsistency result: ", "result":"Compare result: Extensions is consistent. local entities count is: 0 local entities hash is: "}
{"logTime": "0410/113419", "correlationVector":"7SNwE8UmID2/qOSQuMxOvq.5","action":"CompareDataConsistency result: ", "result":"Compare result: Extension settings is consistent. local entities count is: 0 local entities hash is: "}
{"logTime": "0410/113419", "correlationVector":"7SNwE8UmID2/qOSQuMxOvq.6","action":"CompareDataConsistency result: ", "result":"Compare result: History Delete Directives is consistent. local entities count is: 0 local entities hash is: "}
{"logTime": "0410/113419", "correlationVector":"7SNwE8UmID2/qOSQuMxOvq.7","action":"CompareDataConsistency result: ", "result":"Server did not send this Send Tab To Self local entities count is: 0 local entities hash is: "}
{"logTime": "0410/113419", "correlationVector":"7SNwE8UmID2/qOSQuMxOvq.8","action":"CompareDataConsistency result: ", "result":"Compare result: Web Apps is consistent. local entities count is: 0 local entities hash is: "}
{"logTime": "0410/113419", "correlationVector":"7SNwE8UmID2/qOSQuMxOvq.9","action":"CompareDataConsistency result: ", "result":"Server did not send this History local entities count is: 0 local entities hash is: "}
{"logTime": "0410/113419", "correlationVector":"7SNwE8UmID2/qOSQuMxOvq.10","action":"CompareDataConsistency result: ", "result":"Compare result: Saved Tab Group is consistent. local entities count is: 0 local entities hash is: "}
{"logTime": "0410/113419", "correlationVector":"7SNwE8UmID2/qOSQuMxOvq.11","action":"CompareDataConsistency result: ", "result":"Compare result: Collection is consistent. local entities count is: 0 local entities hash is: "}
{"logTime": "0410/113419", "correlationVector":"7SNwE8UmID2/qOSQuMxOvq.12","action":"CompareDataConsistency result: ", "result":"Compare result: Edge E Drop is consistent. local entities count is: 0 local entities hash is: "}
{"logTime": "0410/113419", "correlationVector":"7SNwE8UmID2/qOSQuMxOvq.13","action":"CompareDataConsistency result: ", "result":"Compare result: Edge Tab Group is consistent. local entities count is: 0 local entities hash is: "}
{"logTime": "0410/113419", "correlationVector":"7SNwE8UmID2/qOSQuMxOvq.14","action":"CompareDataConsistency result: ", "result":"Compare result: Edge Wallet is consistent. local entities count is: 0 local entities hash is: "}
{"logTime": "0410/113419", "correlationVector":"UE9Y2PE6wni2EYWxchKJ7+","action":"Commit Request", "result":"", "context":Item count: 5
Contributing types: Sessions, Device Info, User Consents}
{"logTime": "0410/113420", "correlationVector":"UE9Y2PE6wni2EYWxchKJ7+.1","action":"SyncServerConnectionManagerRequest", "result":"SYNC_SERVER_OK", "context":{"environment":"Prod_westeurope_prod-s01-080-eur-westeurope", "migrationStage":"NotStarted", "server":"akswtt00900003c"}}
{"logTime": "0410/113420", "correlationVector":"UE9Y2PE6wni2EYWxchKJ7+.2","action":"Commit Response", "result":"Success", "context":Result: Success. cV=UE9Y2PE6wni2EYWxchKJ7+.0;server=akswtt00900003c;cloudType=Consumer;environment=Prod_westeurope_prod-s01-080-eur-westeurope;migrationStage=NotStarted}
{"logTime": "0410/113420", "correlationVector":"","action":"DIAGNOSTIC_REQUEST|v1/diagnosticData/Diagnostic.SendCheckResult()|SUCCESS", "result":""}
{"logTime": "0410/114457", "correlationVector":"6qDZZOqCBewa2kl7bkEOtI","action":"Commit Request", "result":"", "context":Item count: 1
Contributing types: Sessions}
{"logTime": "0410/114501", "correlationVector":"6qDZZOqCBewa2kl7bkEOtI.1","action":"SyncServerConnectionManagerRequest", "result":"SYNC_SERVER_OK", "context":{"environment":"Prod_francecentral_prod-s01-062-eur-francecentral", "migrationStage":"NotStarted", "server":"akswtt00600000g"}}
{"logTime": "0410/114501", "correlationVector":"6qDZZOqCBewa2kl7bkEOtI.2","action":"Commit Response", "result":"Success", "context":Result: Success. cV=6qDZZOqCBewa2kl7bkEOtI.0;server=akswtt00600000g;cloudType=Consumer;environment=Prod_francecentral_prod-s01-062-eur-francecentral;migrationStage=NotStarted}
{"logTime": "0410/115834", "correlationVector":"PEAHCo6s9w2OhSjqIPBY5K","action":"Normal GetUpdate request", "result":"", "context":cV=PEAHCo6s9w2OhSjqIPBY5K
Nudged types: Sessions
Notified types: History}
{"logTime": "0410/115834", "correlationVector":"PEAHCo6s9w2OhSjqIPBY5K.1","action":"SyncServerConnectionManagerRequest", "result":"SYNC_SERVER_OK", "context":{"environment":"Prod_westeurope_prod-s01-080-eur-westeurope", "migrationStage":"NotStarted", "server":"akswtt00900000f"}}
{"logTime": "0410/115834", "correlationVector":"PEAHCo6s9w2OhSjqIPBY5K.2","action":"ProcessGetUpdates", "result":"Done", "context":{"dataType":"Sessions", "deleted":"0", "process_failed_to_decrypt":"0", "process_pending_decryption":"0", "process_success":"4", "total":"4"}}
{"logTime": "0410/115834", "correlationVector":"PEAHCo6s9w2OhSjqIPBY5K.3","action":"ProcessGetUpdates", "result":"Done", "context":{"dataType":"Device Info", "deleted":"0", "process_failed_to_decrypt":"0", "process_pending_decryption":"0", "process_success":"1", "total":"1"}}
{"logTime": "0410/115834", "correlationVector":"PEAHCo6s9w2OhSjqIPBY5K.4","action":"ProcessGetUpdates", "result":"Done", "context":{"dataType":"History", "deleted":"0", "process_failed_to_decrypt":"0", "process_pending_decryption":"0", "process_success":"1", "total":"1"}}
{"logTime": "0410/115834", "correlationVector":"PEAHCo6s9w2OhSjqIPBY5K.5","action":"GetUpdates Response", "result":"Success", "context":Received 6 update(s). cV=PEAHCo6s9w2OhSjqIPBY5K.0;server=akswtt00900000f;cloudType=Consumer;environment=Prod_westeurope_prod-s01-080-eur-westeurope;migrationStage=NotStarted}
{"logTime": "0410/115835", "correlationVector":"F3ZduSYDhKvEEuFUi6tjJX","action":"Commit Request", "result":"", "context":Item count: 1
Contributing types: Sessions}
{"logTime": "0410/115835", "correlationVector":"F3ZduSYDhKvEEuFUi6tjJX.1","action":"SyncServerConnectionManagerRequest", "result":"SYNC_SERVER_OK", "context":{"environment":"Prod_westeurope_prod-s01-080-eur-westeurope", "migrationStage":"NotStarted", "server":"akswtt00900006v"}}
{"logTime": "0410/115835", "correlationVector":"F3ZduSYDhKvEEuFUi6tjJX.2","action":"Commit Response", "result":"Success", "context":Result: Success. cV=F3ZduSYDhKvEEuFUi6tjJX.0;server=akswtt00900006v;cloudType=Consumer;environment=Prod_westeurope_prod-s01-080-eur-westeurope;migrationStage=NotStarted}
{"logTime": "0411/003431", "correlationVector":"mzTA+DfVpDebCvT4juwVdz.1","action":"SyncServerConnectionManagerRequest", "result":"SYNC_SERVER_OK", "context":{"environment":"Prod_germanywestcentral_prod-s01-010-eur-germanywestcentral", "migrationStage":"NotStarted", "server":"akswtt006000010"}}
{"logTime": "0411/003431", "correlationVector":"mzTA+DfVpDebCvT4juwVdz.2","action":"ProcessGetUpdates", "result":"Done", "context":{"dataType":"Encryption Keys", "deleted":"0", "process_failed_to_decrypt":"0", "process_pending_decryption":"0", "process_success":"1", "total":"1"}}
{"logTime": "0411/003432", "correlationVector":"UptxWrqPFYbYgav6Ilc6Sa","action":"SyncServerConnectionManagerRequest", "result":"SYNC_SERVER_OK", "context":{"environment":"", "migrationStage":"", "server":""}}
{"logTime": "0411/003432", "correlationVector":"UptxWrqPFYbYgav6Ilc6Sa.0","action":"EncryptionKeysFetcher.DownloadKeys:", "result":"Success", "context":Key count: 3, Last key timestamp: 2025-01-19T22:20:10Z}
{"logTime": "0411/003432", "correlationVector":"UptxWrqPFYbYgav6Ilc6Sa.1","action":"EncryptionKeysManager::SetEncryptionKeys:", "result":"Success", "context":Key names[3]:[yBpMfESFDNBicNUdebaGWQyaRy+h2itFutpocZifETkhNTPSmUgaGGSsu1VJfssvn0wZ8VLQhoJZBW2zInAq9A==][7AdmawW90E4PhyYoWNgy7DV0v1awXQ6cBUa2Zfw7ncLm3PddzDmVKY2VHQNc/+F4DJ3Jwzs1R+beLOEs41UfXA==][GuS22pzAv5jxhBIST1kw54p8QZh31J+mWWB0khUVQgRKke7YcQUoBVQg+iJ2cGwrZEw+3RZguMM69SmOqEI5gw==]}
{"logTime": "0411/003432", "correlationVector":"UptxWrqPFYbYgav6Ilc6Sa.2","action":"EncryptionKeysManager::SetEncryptionKeysWithTimestamps:", "result":"Success", "context":Key timestamps[3]:[2022-09-21T22:59:03Z][2024-02-19T11:34:33Z][2025-01-19T22:20:10Z]}
{"logTime": "0411/003432", "correlationVector":"mzTA+DfVpDebCvT4juwVdz","action":"Initial GetUpdates", "result":"", "context":Reason: NEW_CLIENT. cV=mzTA+DfVpDebCvT4juwVdz}
{"logTime": "0411/003432", "correlationVector":"mzTA+DfVpDebCvT4juwVdz.3","action":"GetUpdates Response", "result":"Success", "context":Received 1 update(s). cV=mzTA+DfVpDebCvT4juwVdz.0;server=akswtt006000010;cloudType=Consumer;environment=Prod_germanywestcentral_prod-s01-010-eur-germanywestcentral;migrationStage=NotStarted}
{"logTime": "0411/003432", "correlationVector":"N/cb56wE3J7+iqASCJC3u8","action":"Initial GetUpdates", "result":"", "context":Reason: NEWLY_SUPPORTED_DATATYPE. cV=N/cb56wE3J7+iqASCJC3u8}
{"logTime": "0411/003432", "correlationVector":"N/cb56wE3J7+iqASCJC3u8.1","action":"SyncServerConnectionManagerRequest", "result":"SYNC_SERVER_OK", "context":{"environment":"Prod_germanywestcentral_prod-s01-010-eur-germanywestcentral", "migrationStage":"NotStarted", "server":"akswtt00600000z"}}
{"logTime": "0411/003432", "correlationVector":"N/cb56wE3J7+iqASCJC3u8.2","action":"ProcessGetUpdates", "result":"Done", "context":{"dataType":"Passwords", "deleted":"0", "process_failed_to_decrypt":"0", "process_pending_decryption":"0", "process_success":"63", "total":"63"}}
{"logTime": "0411/003432", "correlationVector":"N/cb56wE3J7+iqASCJC3u8.3","action":"GetUpdates Response", "result":"Success", "context":Received 63 update(s). cV=N/cb56wE3J7+iqASCJC3u8.0;server=akswtt00600000z;cloudType=Consumer;environment=Prod_germanywestcentral_prod-s01-010-eur-germanywestcentral;migrationStage=NotStarted}
{"logTime": "0411/003432", "correlationVector":"c2MysKsLkLuD8QDL4Hceqi","action":"Normal GetUpdate request", "result":"", "context":cV=c2MysKsLkLuD8QDL4Hceqi
Nudged types: Sessions, History
Refresh requested types: Bookmarks, Preferences, Passwords, Autofill Profiles, Autofill, Extensions, Sessions, Extension settings, History Delete Directives, Device Info, User Consents, Send Tab To Self, Web Apps, History, Saved Tab Group, Collection, Edge E Drop, Edge Hub App Usage, Edge Tab Group, Edge Wallet, Encryption Keys}
{"logTime": "0411/003432", "correlationVector":"c2MysKsLkLuD8QDL4Hceqi.1","action":"SyncServerConnectionManagerRequest", "result":"SYNC_SERVER_OK", "context":{"environment":"Prod_germanywestcentral_prod-s01-010-eur-germanywestcentral", "migrationStage":"NotStarted", "server":"akswtt00600002h"}}
{"logTime": "0411/003432", "correlationVector":"c2MysKsLkLuD8QDL4Hceqi.2","action":"ProcessGetUpdates", "result":"Done", "context":{"dataType":"Sessions", "deleted":"11", "process_failed_to_decrypt":"0", "process_pending_decryption":"0", "process_success":"16", "total":"16"}}
{"logTime": "0411/003432", "correlationVector":"c2MysKsLkLuD8QDL4Hceqi.3","action":"ProcessGetUpdates", "result":"Done", "context":{"dataType":"Device Info", "deleted":"0", "process_failed_to_decrypt":"0", "process_pending_decryption":"0", "process_success":"1", "total":"1"}}
{"logTime": "0411/003432", "correlationVector":"c2MysKsLkLuD8QDL4Hceqi.4","action":"ProcessGetUpdates", "result":"Done", "context":{"dataType":"History", "deleted":"0", "process_failed_to_decrypt":"0", "process_pending_decryption":"0", "process_success":"83", "total":"83"}}
{"logTime": "0411/003432", "correlationVector":"c2MysKsLkLuD8QDL4Hceqi.5","action":"GetUpdates Response", "result":"Success", "context":Received 100 update(s). cV=c2MysKsLkLuD8QDL4Hceqi.0;server=akswtt00600002h;cloudType=Consumer;environment=Prod_germanywestcentral_prod-s01-010-eur-germanywestcentral;migrationStage=NotStarted}
{"logTime": "0411/003432", "correlationVector":"6xe2mO4kI0hIh6ZzK5sjNh","action":"Commit Request", "result":"", "context":Item count: 4
Contributing types: Sessions, History}
{"logTime": "0411/003433", "correlationVector":"6xe2mO4kI0hIh6ZzK5sjNh.1","action":"SyncServerConnectionManagerRequest", "result":"SYNC_SERVER_OK", "context":{"environment":"Prod_germanywestcentral_prod-s01-010-eur-germanywestcentral", "migrationStage":"NotStarted", "server":"akswtt00600002g"}}
{"logTime": "0411/003433", "correlationVector":"6xe2mO4kI0hIh6ZzK5sjNh.2","action":"Commit Response", "result":"Success", "context":Result: Success. cV=6xe2mO4kI0hIh6ZzK5sjNh.0;server=akswtt00600002g;cloudType=Consumer;environment=Prod_germanywestcentral_prod-s01-010-eur-germanywestcentral;migrationStage=NotStarted}
{"logTime": "0411/003433", "correlationVector":"efegsBOUIDZFavw1/x3B4v","action":"Poll GetUpdate request", "result":"", "context":cV=efegsBOUIDZFavw1/x3B4v}
{"logTime": "0411/003433", "correlationVector":"efegsBOUIDZFavw1/x3B4v.1","action":"SyncServerConnectionManagerRequest", "result":"SYNC_SERVER_OK", "context":{"environment":"Prod_germanywestcentral_prod-s01-010-eur-germanywestcentral", "migrationStage":"NotStarted", "server":"akswtt006000000"}}
{"logTime": "0411/003433", "correlationVector":"efegsBOUIDZFavw1/x3B4v.2","action":"ProcessGetUpdates", "result":"Done", "context":{"dataType":"Sessions", "deleted":"0", "process_failed_to_decrypt":"0", "process_pending_decryption":"0", "process_success":"2", "total":"2"}}
{"logTime": "0411/003433", "correlationVector":"efegsBOUIDZFavw1/x3B4v.3","action":"ProcessGetUpdates", "result":"Done", "context":{"dataType":"History", "deleted":"0", "process_failed_to_decrypt":"0", "process_pending_decryption":"0", "process_success":"2", "total":"2"}}
{"logTime": "0411/003433", "correlationVector":"efegsBOUIDZFavw1/x3B4v.4","action":"GetUpdates Response", "result":"Success", "context":Received 4 update(s). cV=efegsBOUIDZFavw1/x3B4v.0;server=akswtt006000000;cloudType=Consumer;environment=Prod_germanywestcentral_prod-s01-010-eur-germanywestcentral;migrationStage=NotStarted}
{"logTime": "0411/003433", "correlationVector":"YHRbi41+Wm3FIk0/lIzUo5","action":"DoCompareDataConsistency requsted types: ", "result":"Bookmarks, Preferences, Passwords, Extensions, Extension settings, History Delete Directives, Send Tab To Self, Web Apps, History, Saved Tab Group, Collection, Edge E Drop, Edge Tab Group, Edge Wallet, Encryption Keys"}
{"logTime": "0411/003433", "correlationVector":"YHRbi41+Wm3FIk0/lIzUo5.0","action":"CompareDataConsistency result: ", "result":"Compare result: Encryption Keys is consistent. local entities count is: 1 local entities hash is: a6ln0h9UUakWN1TQn7Jsc3xmFBY="}
{"logTime": "0411/003433", "correlationVector":"YHRbi41+Wm3FIk0/lIzUo5.1","action":"CompareDataConsistency result: ", "result":"Compare result: Bookmarks is consistent. local entities count is: 5 local entities hash is: MeFyzIoADNRxgck5wbzGFt4FZd4="}
{"logTime": "0411/003433", "correlationVector":"YHRbi41+Wm3FIk0/lIzUo5.2","action":"CompareDataConsistency result: ", "result":"Compare result: Preferences is consistent. local entities count is: 39 local entities hash is: GgU7186ablX3BFG1cJo2zRM6JaM="}
{"logTime": "0411/003433", "correlationVector":"YHRbi41+Wm3FIk0/lIzUo5.3","action":"CompareDataConsistency result: ", "result":"Compare result: Extensions is consistent. local entities count is: 0 local entities hash is: "}
{"logTime": "0411/003433", "correlationVector":"YHRbi41+Wm3FIk0/lIzUo5.4","action":"CompareDataConsistency result: ", "result":"Compare result: Extension settings is consistent. local entities count is: 0 local entities hash is: "}
{"logTime": "0411/003433", "correlationVector":"YHRbi41+Wm3FIk0/lIzUo5.5","action":"CompareDataConsistency result: ", "result":"Compare result: History Delete Directives is consistent. local entities count is: 0 local entities hash is: "}
{"logTime": "0411/003433", "correlationVector":"YHRbi41+Wm3FIk0/lIzUo5.6","action":"CompareDataConsistency result: ", "result":"Server did not send this Send Tab To Self local entities count is: 0 local entities hash is: "}
{"logTime": "0411/003433", "correlationVector":"YHRbi41+Wm3FIk0/lIzUo5.7","action":"CompareDataConsistency result: ", "result":"Compare result: Web Apps is consistent. local entities count is: 0 local entities hash is: "}
{"logTime": "0411/003433", "correlationVector":"YHRbi41+Wm3FIk0/lIzUo5.8","action":"CompareDataConsistency result: ", "result":"Server did not send this History local entities count is: 0 local entities hash is: "}
{"logTime": "0411/003433", "correlationVector":"YHRbi41+Wm3FIk0/lIzUo5.9","action":"CompareDataConsistency result: ", "result":"Compare result: Saved Tab Group is consistent. local entities count is: 0 local entities hash is: "}
{"logTime": "0411/003433", "correlationVector":"YHRbi41+Wm3FIk0/lIzUo5.10","action":"CompareDataConsistency result: ", "result":"Compare result: Collection is consistent. local entities count is: 0 local entities hash is: "}
{"logTime": "0411/003433", "correlationVector":"YHRbi41+Wm3FIk0/lIzUo5.11","action":"CompareDataConsistency result: ", "result":"Compare result: Edge E Drop is consistent. local entities count is: 0 local entities hash is: "}
{"logTime": "0411/003433", "correlationVector":"YHRbi41+Wm3FIk0/lIzUo5.12","action":"CompareDataConsistency result: ", "result":"Compare result: Edge Tab Group is consistent. local entities count is: 0 local entities hash is: "}
{"logTime": "0411/003433", "correlationVector":"YHRbi41+Wm3FIk0/lIzUo5.13","action":"CompareDataConsistency result: ", "result":"Compare result: Edge Wallet is consistent. local entities count is: 0 local entities hash is: "}
{"logTime": "0411/003433", "correlationVector":"YHRbi41+Wm3FIk0/lIzUo5.14","action":"CompareDataConsistency result: ", "result":"Compare result: Passwords is consistent. local entities count is: 63 local entities hash is: UNt7y3V3X8i+5PLHK4QCRk3mLP4="}
{"logTime": "0411/003433", "correlationVector":"","action":"DIAGNOSTIC_REQUEST|v1/diagnosticData/Diagnostic.SendCheckResult()|SUCCESS", "result":""}
{"logTime": "0411/003533", "correlationVector":"FmR9I8OuxmrJsMzyGOKdss","action":"Commit Request", "result":"", "context":Item count: 3
Contributing types: Sessions, History}
{"logTime": "0411/003533", "correlationVector":"FmR9I8OuxmrJsMzyGOKdss.1","action":"SyncServerConnectionManagerRequest", "result":"SYNC_SERVER_OK", "context":{"environment":"Prod_francecentral_prod-s01-062-eur-francecentral", "migrationStage":"NotStarted", "server":"akswtt00600005y"}}
{"logTime": "0411/003533", "correlationVector":"FmR9I8OuxmrJsMzyGOKdss.2","action":"Commit Response", "result":"Success", "context":Result: Success. cV=FmR9I8OuxmrJsMzyGOKdss.0;server=akswtt00600005y;cloudType=Consumer;environment=Prod_francecentral_prod-s01-062-eur-francecentral;migrationStage=NotStarted}
{"logTime": "0411/004747", "correlationVector":"96GruJyHEET3v6k4dyQpfK","action":"Commit Request", "result":"", "context":Item count: 1
Contributing types: Sessions}
{"logTime": "0411/004747", "correlationVector":"96GruJyHEET3v6k4dyQpfK.1","action":"SyncServerConnectionManagerRequest", "result":"SYNC_SERVER_OK", "context":{"environment":"Prod_francecentral_prod-s01-062-eur-francecentral", "migrationStage":"NotStarted", "server":"akswtt006000089"}}
{"logTime": "0411/004747", "correlationVector":"96GruJyHEET3v6k4dyQpfK.2","action":"Commit Response", "result":"Success", "context":Result: Success. cV=96GruJyHEET3v6k4dyQpfK.0;server=akswtt006000089;cloudType=Consumer;environment=Prod_francecentral_prod-s01-062-eur-francecentral;migrationStage=NotStarted}
{"logTime": "0411/140244", "correlationVector":"xEzptc2dSnZmXwpvHcD8bY.1","action":"SyncServerConnectionManagerRequest", "result":"SYNC_SERVER_OK", "context":{"environment":"Prod_francecentral_prod-s01-062-eur-francecentral", "migrationStage":"NotStarted", "server":"akswtt006000065"}}
{"logTime": "0411/140244", "correlationVector":"xEzptc2dSnZmXwpvHcD8bY.2","action":"ProcessGetUpdates", "result":"Done", "context":{"dataType":"Encryption Keys", "deleted":"0", "process_failed_to_decrypt":"0", "process_pending_decryption":"0", "process_success":"1", "total":"1"}}
{"logTime": "0411/140245", "correlationVector":"xkp+Qnru0+Dlc79QfIRM14","action":"SyncServerConnectionManagerRequest", "result":"SYNC_SERVER_OK", "context":{"environment":"", "migrationStage":"", "server":""}}
{"logTime": "0411/140245", "correlationVector":"xkp+Qnru0+Dlc79QfIRM14.0","action":"EncryptionKeysFetcher.DownloadKeys:", "result":"Success", "context":Key count: 3, Last key timestamp: 2025-01-19T22:20:10Z}
{"logTime": "0411/140245", "correlationVector":"xkp+Qnru0+Dlc79QfIRM14.1","action":"EncryptionKeysManager::SetEncryptionKeys:", "result":"Success", "context":Key names[3]:[yBpMfESFDNBicNUdebaGWQyaRy+h2itFutpocZifETkhNTPSmUgaGGSsu1VJfssvn0wZ8VLQhoJZBW2zInAq9A==][7AdmawW90E4PhyYoWNgy7DV0v1awXQ6cBUa2Zfw7ncLm3PddzDmVKY2VHQNc/+F4DJ3Jwzs1R+beLOEs41UfXA==][GuS22pzAv5jxhBIST1kw54p8QZh31J+mWWB0khUVQgRKke7YcQUoBVQg+iJ2cGwrZEw+3RZguMM69SmOqEI5gw==]}
{"logTime": "0411/140245", "correlationVector":"xkp+Qnru0+Dlc79QfIRM14.2","action":"EncryptionKeysManager::SetEncryptionKeysWithTimestamps:", "result":"Success", "context":Key timestamps[3]:[2022-09-21T22:59:03Z][2024-02-19T11:34:33Z][2025-01-19T22:20:10Z]}
{"logTime": "0411/140245", "correlationVector":"xEzptc2dSnZmXwpvHcD8bY","action":"Initial GetUpdates", "result":"", "context":Reason: NEW_CLIENT. cV=xEzptc2dSnZmXwpvHcD8bY}
{"logTime": "0411/140245", "correlationVector":"xEzptc2dSnZmXwpvHcD8bY.3","action":"GetUpdates Response", "result":"Success", "context":Received 1 update(s). cV=xEzptc2dSnZmXwpvHcD8bY.0;server=akswtt006000065;cloudType=Consumer;environment=Prod_francecentral_prod-s01-062-eur-francecentral;migrationStage=NotStarted}
{"logTime": "0411/140245", "correlationVector":"hCgP8cAwZgfzhWnJ4fWEgM","action":"Initial GetUpdates", "result":"", "context":Reason: NEWLY_SUPPORTED_DATATYPE. cV=hCgP8cAwZgfzhWnJ4fWEgM}
{"logTime": "0411/140246", "correlationVector":"hCgP8cAwZgfzhWnJ4fWEgM.1","action":"SyncServerConnectionManagerRequest", "result":"SYNC_SERVER_OK", "context":{"environment":"Prod_francecentral_prod-s01-062-eur-francecentral", "migrationStage":"NotStarted", "server":"akswtt00600007m"}}
{"logTime": "0411/140246", "correlationVector":"hCgP8cAwZgfzhWnJ4fWEgM.2","action":"ProcessGetUpdates", "result":"Done", "context":{"dataType":"Passwords", "deleted":"0", "process_failed_to_decrypt":"0", "process_pending_decryption":"0", "process_success":"63", "total":"63"}}
{"logTime": "0411/140246", "correlationVector":"hCgP8cAwZgfzhWnJ4fWEgM.3","action":"GetUpdates Response", "result":"Success", "context":Received 63 update(s). cV=hCgP8cAwZgfzhWnJ4fWEgM.0;server=akswtt00600007m;cloudType=Consumer;environment=Prod_francecentral_prod-s01-062-eur-francecentral;migrationStage=NotStarted}
{"logTime": "0411/140246", "correlationVector":"0YQYYVHH9ng/W4v7Iq9uYR","action":"Normal GetUpdate request", "result":"", "context":cV=0YQYYVHH9ng/W4v7Iq9uYR
Nudged types: Sessions, Device Info, History
Refresh requested types: Bookmarks, Preferences, Passwords, Autofill Profiles, Autofill, Extensions, Sessions, Extension settings, History Delete Directives, Device Info, User Consents, Send Tab To Self, Web Apps, History, Saved Tab Group, Collection, Edge E Drop, Edge Hub App Usage, Edge Tab Group, Edge Wallet, Encryption Keys}
{"logTime": "0411/140247", "correlationVector":"0YQYYVHH9ng/W4v7Iq9uYR.1","action":"SyncServerConnectionManagerRequest", "result":"SYNC_SERVER_OK", "context":{"environment":"Prod_francecentral_prod-s01-062-eur-francecentral", "migrationStage":"NotStarted", "server":"akswtt00600007l"}}
{"logTime": "0411/140247", "correlationVector":"0YQYYVHH9ng/W4v7Iq9uYR.2","action":"ProcessGetUpdates", "result":"Done", "context":{"dataType":"Preferences", "deleted":"0", "process_failed_to_decrypt":"0", "process_pending_decryption":"0", "process_success":"1", "total":"1"}}
{"logTime": "0411/140247", "correlationVector":"0YQYYVHH9ng/W4v7Iq9uYR.3","action":"ProcessGetUpdates", "result":"Done", "context":{"dataType":"Sessions", "deleted":"4", "process_failed_to_decrypt":"0", "process_pending_decryption":"0", "process_success":"12", "total":"12"}}
{"logTime": "0411/140247", "correlationVector":"0YQYYVHH9ng/W4v7Iq9uYR.4","action":"ProcessGetUpdates", "result":"Done", "context":{"dataType":"Device Info", "deleted":"0", "process_failed_to_decrypt":"0", "process_pending_decryption":"0", "process_success":"3", "total":"3"}}
{"logTime": "0411/140247", "correlationVector":"0YQYYVHH9ng/W4v7Iq9uYR.5","action":"ProcessGetUpdates", "result":"Done", "context":{"dataType":"History", "deleted":"0", "process_failed_to_decrypt":"0", "process_pending_decryption":"0", "process_success":"13", "total":"13"}}
{"logTime": "0411/140247", "correlationVector":"0YQYYVHH9ng/W4v7Iq9uYR.6","action":"GetUpdates Response", "result":"Success", "context":Received 29 update(s). cV=0YQYYVHH9ng/W4v7Iq9uYR.0;server=akswtt00600007l;cloudType=Consumer;environment=Prod_francecentral_prod-s01-062-eur-francecentral;migrationStage=NotStarted}
{"logTime": "0411/140247", "correlationVector":"+F1j3RkXen6jl0tb7NHYR9","action":"Commit Request", "result":"", "context":Item count: 1
Contributing types: History}
{"logTime": "0411/140247", "correlationVector":"+F1j3RkXen6jl0tb7NHYR9.1","action":"SyncServerConnectionManagerRequest", "result":"SYNC_SERVER_OK", "context":{"environment":"Prod_francecentral_prod-s01-062-eur-francecentral", "migrationStage":"NotStarted", "server":"akswtt00600004n"}}
{"logTime": "0411/140247", "correlationVector":"+F1j3RkXen6jl0tb7NHYR9.2","action":"Commit Response", "result":"Success", "context":Result: Success. cV=+F1j3RkXen6jl0tb7NHYR9.0;server=akswtt00600004n;cloudType=Consumer;environment=Prod_francecentral_prod-s01-062-eur-francecentral;migrationStage=NotStarted}
{"logTime": "0411/140247", "correlationVector":"76H0oRqX6aG4745t1p7rkJ","action":"Poll GetUpdate request", "result":"", "context":cV=76H0oRqX6aG4745t1p7rkJ}
{"logTime": "0411/140253", "correlationVector":"76H0oRqX6aG4745t1p7rkJ.1","action":"SyncServerConnectionManagerRequest", "result":"SYNC_SERVER_OK", "context":{"environment":"Prod_francecentral_prod-s01-062-eur-francecentral", "migrationStage":"NotStarted", "server":"akswtt00600008l"}}
{"logTime": "0411/140253", "correlationVector":"76H0oRqX6aG4745t1p7rkJ.2","action":"ProcessGetUpdates", "result":"Done", "context":{"dataType":"History", "deleted":"0", "process_failed_to_decrypt":"0", "process_pending_decryption":"0", "process_success":"1", "total":"1"}}
{"logTime": "0411/140253", "correlationVector":"76H0oRqX6aG4745t1p7rkJ.3","action":"GetUpdates Response", "result":"Success", "context":Received 1 update(s). cV=76H0oRqX6aG4745t1p7rkJ.0;server=akswtt00600008l;cloudType=Consumer;environment=Prod_francecentral_prod-s01-062-eur-francecentral;migrationStage=NotStarted}
{"logTime": "0411/140347", "correlationVector":"e3SfRbZPRThRNh9OZaoVj5","action":"Commit Request", "result":"", "context":Item count: 3
Contributing types: Sessions, History}
{"logTime": "0411/140348", "correlationVector":"e3SfRbZPRThRNh9OZaoVj5.1","action":"SyncServerConnectionManagerRequest", "result":"SYNC_SERVER_OK", "context":{"environment":"Prod_francecentral_prod-s01-062-eur-francecentral", "migrationStage":"NotStarted", "server":"akswtt006000037"}}
{"logTime": "0411/140348", "correlationVector":"e3SfRbZPRThRNh9OZaoVj5.2","action":"Commit Response", "result":"Success", "context":Result: Success. cV=e3SfRbZPRThRNh9OZaoVj5.0;server=akswtt006000037;cloudType=Consumer;environment=Prod_francecentral_prod-s01-062-eur-francecentral;migrationStage=NotStarted}
{"logTime": "0411/140351", "correlationVector":"HCQVwDNnngmNeOkJDcAtvu","action":"Commit Request", "result":"", "context":Item count: 1
Contributing types: Device Info}
{"logTime": "0411/140352", "correlationVector":"HCQVwDNnngmNeOkJDcAtvu.1","action":"SyncServerConnectionManagerRequest", "result":"SYNC_SERVER_OK", "context":{"environment":"Prod_francecentral_prod-s01-062-eur-francecentral", "migrationStage":"NotStarted", "server":"akswtt00600008q"}}
{"logTime": "0411/140352", "correlationVector":"HCQVwDNnngmNeOkJDcAtvu.2","action":"Commit Response", "result":"Success", "context":Result: Success. cV=HCQVwDNnngmNeOkJDcAtvu.0;server=akswtt00600008q;cloudType=Consumer;environment=Prod_francecentral_prod-s01-062-eur-francecentral;migrationStage=NotStarted}
{"logTime": "0425/082742", "correlationVector":"8+Nca3L9gX5xEedEmUoNq7.1","action":"SyncServerConnectionManagerRequest", "result":"SYNC_SERVER_OK", "context":{"environment":"Prod_francecentral_prod-s01-062-eur-francecentral", "migrationStage":"NotStarted", "server":"akswtt007000041"}}
{"logTime": "0425/082742", "correlationVector":"8+Nca3L9gX5xEedEmUoNq7.2","action":"ProcessGetUpdates", "result":"Done", "context":{"dataType":"Encryption Keys", "deleted":"0", "process_failed_to_decrypt":"0", "process_pending_decryption":"0", "process_success":"1", "total":"1"}}
{"logTime": "0425/082742", "correlationVector":"75BLy8ZVtiU5vB4YqExjvE","action":"SyncServerConnectionManagerRequest", "result":"SYNC_SERVER_OK", "context":{"environment":"", "migrationStage":"", "server":""}}
{"logTime": "0425/082742", "correlationVector":"75BLy8ZVtiU5vB4YqExjvE.0","action":"EncryptionKeysFetcher.DownloadKeys:", "result":"Success", "context":Key count: 3, Last key timestamp: 2025-01-19T22:20:10Z}
{"logTime": "0425/082742", "correlationVector":"75BLy8ZVtiU5vB4YqExjvE.1","action":"EncryptionKeysManager::SetEncryptionKeys:", "result":"Success", "context":Key names[3]:[yBpMfESFDNBicNUdebaGWQyaRy+h2itFutpocZifETkhNTPSmUgaGGSsu1VJfssvn0wZ8VLQhoJZBW2zInAq9A==][7AdmawW90E4PhyYoWNgy7DV0v1awXQ6cBUa2Zfw7ncLm3PddzDmVKY2VHQNc/+F4DJ3Jwzs1R+beLOEs41UfXA==][GuS22pzAv5jxhBIST1kw54p8QZh31J+mWWB0khUVQgRKke7YcQUoBVQg+iJ2cGwrZEw+3RZguMM69SmOqEI5gw==]}
{"logTime": "0425/082742", "correlationVector":"75BLy8ZVtiU5vB4YqExjvE.2","action":"EncryptionKeysManager::SetEncryptionKeysWithTimestamps:", "result":"Success", "context":Key timestamps[3]:[2022-09-21T22:59:03Z][2024-02-19T11:34:33Z][2025-01-19T22:20:10Z]}
{"logTime": "0425/082742", "correlationVector":"8+Nca3L9gX5xEedEmUoNq7","action":"Initial GetUpdates", "result":"", "context":Reason: NEW_CLIENT. cV=8+Nca3L9gX5xEedEmUoNq7}
{"logTime": "0425/082742", "correlationVector":"8+Nca3L9gX5xEedEmUoNq7.3","action":"GetUpdates Response", "result":"Success", "context":Received 1 update(s). cV=8+Nca3L9gX5xEedEmUoNq7.0;server=akswtt007000041;cloudType=Consumer;environment=Prod_francecentral_prod-s01-062-eur-francecentral;migrationStage=NotStarted}
{"logTime": "0425/082742", "correlationVector":"qKg3ByGsGZJSgsSU6u3CLV","action":"Initial GetUpdates", "result":"", "context":Reason: NEWLY_SUPPORTED_DATATYPE. cV=qKg3ByGsGZJSgsSU6u3CLV}
{"logTime": "0425/082743", "correlationVector":"qKg3ByGsGZJSgsSU6u3CLV.1","action":"SyncServerConnectionManagerRequest", "result":"SYNC_SERVER_OK", "context":{"environment":"Prod_francecentral_prod-s01-062-eur-francecentral", "migrationStage":"NotStarted", "server":"akswtt00700003s"}}
{"logTime": "0425/082743", "correlationVector":"qKg3ByGsGZJSgsSU6u3CLV.2","action":"ProcessGetUpdates", "result":"Done", "context":{"dataType":"Passwords", "deleted":"0", "process_failed_to_decrypt":"0", "process_pending_decryption":"0", "process_success":"63", "total":"63"}}
{"logTime": "0425/082743", "correlationVector":"qKg3ByGsGZJSgsSU6u3CLV.3","action":"GetUpdates Response", "result":"Success", "context":Received 63 update(s). cV=qKg3ByGsGZJSgsSU6u3CLV.0;server=akswtt00700003s;cloudType=Consumer;environment=Prod_francecentral_prod-s01-062-eur-francecentral;migrationStage=NotStarted}
{"logTime": "0425/082743", "correlationVector":"SZNqHLbHK9srux6PW2r+8t","action":"Normal GetUpdate request", "result":"", "context":cV=SZNqHLbHK9srux6PW2r+8t
Nudged types: Sessions, Device Info, History
Refresh requested types: Bookmarks, Preferences, Passwords, Autofill Profiles, Autofill, Extensions, Sessions, Extension settings, History Delete Directives, Device Info, User Consents, Send Tab To Self, Web Apps, History, Saved Tab Group, Collection, Edge E Drop, Edge Hub App Usage, Edge Tab Group, Edge Wallet, Encryption Keys}
{"logTime": "0425/082743", "correlationVector":"SZNqHLbHK9srux6PW2r+8t.1","action":"SyncServerConnectionManagerRequest", "result":"SYNC_SERVER_OK", "context":{"environment":"Prod_francecentral_prod-s01-062-eur-francecentral", "migrationStage":"NotStarted", "server":"akswtt007000023"}}
{"logTime": "0425/082743", "correlationVector":"SZNqHLbHK9srux6PW2r+8t.2","action":"ProcessGetUpdates", "result":"Done", "context":{"dataType":"Preferences", "deleted":"0", "process_failed_to_decrypt":"0", "process_pending_decryption":"0", "process_success":"4", "total":"4"}}
{"logTime": "0425/082743", "correlationVector":"SZNqHLbHK9srux6PW2r+8t.3","action":"ProcessGetUpdates", "result":"Done", "context":{"dataType":"Autofill Profiles", "deleted":"0", "process_failed_to_decrypt":"0", "process_pending_decryption":"0", "process_success":"1", "total":"1"}}
{"logTime": "0425/082743", "correlationVector":"SZNqHLbHK9srux6PW2r+8t.4","action":"ProcessGetUpdates", "result":"Done", "context":{"dataType":"Autofill", "deleted":"0", "process_failed_to_decrypt":"0", "process_pending_decryption":"0", "process_success":"3", "total":"3"}}
{"logTime": "0425/082743", "correlationVector":"SZNqHLbHK9srux6PW2r+8t.5","action":"ProcessGetUpdates", "result":"Done", "context":{"dataType":"Sessions", "deleted":"27", "process_failed_to_decrypt":"0", "process_pending_decryption":"0", "process_success":"50", "total":"50"}}
{"logTime": "0425/082743", "correlationVector":"SZNqHLbHK9srux6PW2r+8t.6","action":"ProcessGetUpdates", "result":"Done", "context":{"dataType":"Device Info", "deleted":"0", "process_failed_to_decrypt":"0", "process_pending_decryption":"0", "process_success":"9", "total":"9"}}
{"logTime": "0425/082743", "correlationVector":"SZNqHLbHK9srux6PW2r+8t.7","action":"ProcessGetUpdates", "result":"Done", "context":{"dataType":"History", "deleted":"0", "process_failed_to_decrypt":"0", "process_pending_decryption":"0", "process_success":"112", "total":"112"}}
{"logTime": "0425/082743", "correlationVector":"SZNqHLbHK9srux6PW2r+8t.8","action":"ProcessGetUpdates", "result":"Done", "context":{"dataType":"Edge Hub App Usage", "deleted":"0", "process_failed_to_decrypt":"0", "process_pending_decryption":"0", "process_success":"3", "total":"3"}}
{"logTime": "0425/082743", "correlationVector":"SZNqHLbHK9srux6PW2r+8t.9","action":"GetUpdates Response", "result":"Success", "context":Received 182 update(s). cV=SZNqHLbHK9srux6PW2r+8t.0;server=akswtt007000023;cloudType=Consumer;environment=Prod_francecentral_prod-s01-062-eur-francecentral;migrationStage=NotStarted}
{"logTime": "0425/082744", "correlationVector":"pWadzFs76tVvazNX9J05Kr","action":"Commit Request", "result":"", "context":Item count: 1
Contributing types: History}
{"logTime": "0425/082744", "correlationVector":"pWadzFs76tVvazNX9J05Kr.1","action":"SyncServerConnectionManagerRequest", "result":"SYNC_SERVER_OK", "context":{"environment":"Prod_francecentral_prod-s01-062-eur-francecentral", "migrationStage":"NotStarted", "server":"akswtt00700001j"}}
{"logTime": "0425/082744", "correlationVector":"pWadzFs76tVvazNX9J05Kr.2","action":"Commit Response", "result":"Success", "context":Result: Success. cV=pWadzFs76tVvazNX9J05Kr.0;server=akswtt00700001j;cloudType=Consumer;environment=Prod_francecentral_prod-s01-062-eur-francecentral;migrationStage=NotStarted}
{"logTime": "0425/082744", "correlationVector":"TqHy9Uy/opsPSViUg4BbdK","action":"Poll GetUpdate request", "result":"", "context":cV=TqHy9Uy/opsPSViUg4BbdK}
{"logTime": "0425/082745", "correlationVector":"TqHy9Uy/opsPSViUg4BbdK.1","action":"SyncServerConnectionManagerRequest", "result":"SYNC_SERVER_OK", "context":{"environment":"Prod_francecentral_prod-s01-062-eur-francecentral", "migrationStage":"NotStarted", "server":"akswtt00700000b"}}
{"logTime": "0425/082745", "correlationVector":"TqHy9Uy/opsPSViUg4BbdK.2","action":"ProcessGetUpdates", "result":"Done", "context":{"dataType":"History", "deleted":"0", "process_failed_to_decrypt":"0", "process_pending_decryption":"0", "process_success":"1", "total":"1"}}
{"logTime": "0425/082745", "correlationVector":"TqHy9Uy/opsPSViUg4BbdK.3","action":"GetUpdates Response", "result":"Success", "context":Received 1 update(s). cV=TqHy9Uy/opsPSViUg4BbdK.0;server=akswtt00700000b;cloudType=Consumer;environment=Prod_francecentral_prod-s01-062-eur-francecentral;migrationStage=NotStarted}
{"logTime": "0425/082745", "correlationVector":"sAKjIRojOx0U9RQrqdHOA2","action":"DoCompareDataConsistency requsted types: ", "result":"Bookmarks, Preferences, Passwords, Extensions, Extension settings, History Delete Directives, Send Tab To Self, Web Apps, History, Saved Tab Group, Collection, Edge E Drop, Edge Tab Group, Edge Wallet, Encryption Keys"}
{"logTime": "0425/082745", "correlationVector":"sAKjIRojOx0U9RQrqdHOA2.0","action":"CompareDataConsistency result: ", "result":"Compare result: Encryption Keys is consistent. local entities count is: 1 local entities hash is: a6ln0h9UUakWN1TQn7Jsc3xmFBY="}
{"logTime": "0425/082745", "correlationVector":"sAKjIRojOx0U9RQrqdHOA2.1","action":"CompareDataConsistency result: ", "result":"Compare result: Bookmarks is consistent. local entities count is: 5 local entities hash is: MeFyzIoADNRxgck5wbzGFt4FZd4="}
{"logTime": "0425/082745", "correlationVector":"sAKjIRojOx0U9RQrqdHOA2.2","action":"CompareDataConsistency result: ", "result":"Compare result: Preferences is consistent. local entities count is: 40 local entities hash is: ik0l0LRJPwgbacoaaK8HnqoJ7IQ="}
{"logTime": "0425/082745", "correlationVector":"sAKjIRojOx0U9RQrqdHOA2.3","action":"CompareDataConsistency result: ", "result":"Compare result: Extensions is consistent. local entities count is: 0 local entities hash is: "}
{"logTime": "0425/082745", "correlationVector":"sAKjIRojOx0U9RQrqdHOA2.4","action":"CompareDataConsistency result: ", "result":"Compare result: Extension settings is consistent. local entities count is: 0 local entities hash is: "}
{"logTime": "0425/082745", "correlationVector":"sAKjIRojOx0U9RQrqdHOA2.5","action":"CompareDataConsistency result: ", "result":"Compare result: History Delete Directives is consistent. local entities count is: 0 local entities hash is: "}
{"logTime": "0425/082745", "correlationVector":"sAKjIRojOx0U9RQrqdHOA2.6","action":"CompareDataConsistency result: ", "result":"Server did not send this Send Tab To Self local entities count is: 0 local entities hash is: "}
{"logTime": "0425/082745", "correlationVector":"sAKjIRojOx0U9RQrqdHOA2.7","action":"CompareDataConsistency result: ", "result":"Compare result: Web Apps is consistent. local entities count is: 0 local entities hash is: "}
{"logTime": "0425/082745", "correlationVector":"sAKjIRojOx0U9RQrqdHOA2.8","action":"CompareDataConsistency result: ", "result":"Server did not send this History local entities count is: 0 local entities hash is: "}
{"logTime": "0425/082745", "correlationVector":"sAKjIRojOx0U9RQrqdHOA2.9","action":"CompareDataConsistency result: ", "result":"Compare result: Saved Tab Group is consistent. local entities count is: 0 local entities hash is: "}
{"logTime": "0425/082745", "correlationVector":"sAKjIRojOx0U9RQrqdHOA2.10","action":"CompareDataConsistency result: ", "result":"Compare result: Collection is consistent. local entities count is: 0 local entities hash is: "}
{"logTime": "0425/082745", "correlationVector":"sAKjIRojOx0U9RQrqdHOA2.11","action":"CompareDataConsistency result: ", "result":"Compare result: Edge E Drop is consistent. local entities count is: 0 local entities hash is: "}
{"logTime": "0425/082745", "correlationVector":"sAKjIRojOx0U9RQrqdHOA2.12","action":"CompareDataConsistency result: ", "result":"Compare result: Edge Tab Group is consistent. local entities count is: 0 local entities hash is: "}
{"logTime": "0425/082745", "correlationVector":"sAKjIRojOx0U9RQrqdHOA2.13","action":"CompareDataConsistency result: ", "result":"Compare result: Edge Wallet is consistent. local entities count is: 0 local entities hash is: "}
{"logTime": "0425/082745", "correlationVector":"sAKjIRojOx0U9RQrqdHOA2.14","action":"CompareDataConsistency result: ", "result":"Compare result: Passwords is consistent. local entities count is: 63 local entities hash is: GyL5DHqXdxdA3tXwdPdgZF6GFuQ="}
{"logTime": "0425/082745", "correlationVector":"","action":"DIAGNOSTIC_REQUEST|v1/diagnosticData/Diagnostic.SendCheckResult()|SUCCESS", "result":""}
{"logTime": "0425/082844", "correlationVector":"0i3zySP7OFdd+prhqesebs","action":"Commit Request", "result":"", "context":Item count: 3
Contributing types: Sessions, History}
{"logTime": "0425/082845", "correlationVector":"0i3zySP7OFdd+prhqesebs.1","action":"SyncServerConnectionManagerRequest", "result":"SYNC_SERVER_OK", "context":{"environment":"Prod_francecentral_prod-s01-062-eur-francecentral", "migrationStage":"NotStarted", "server":"akswtt00700002z"}}
{"logTime": "0425/082845", "correlationVector":"0i3zySP7OFdd+prhqesebs.2","action":"Commit Response", "result":"Success", "context":Result: Success. cV=0i3zySP7OFdd+prhqesebs.0;server=akswtt00700002z;cloudType=Consumer;environment=Prod_francecentral_prod-s01-062-eur-francecentral;migrationStage=NotStarted}
{"logTime": "0425/082851", "correlationVector":"q3yiGkHKXzrx76lQA6qPGC","action":"Commit Request", "result":"", "context":Item count: 1
Contributing types: Device Info}
{"logTime": "0425/082851", "correlationVector":"q3yiGkHKXzrx76lQA6qPGC.1","action":"SyncServerConnectionManagerRequest", "result":"SYNC_SERVER_OK", "context":{"environment":"Prod_francecentral_prod-s01-062-eur-francecentral", "migrationStage":"NotStarted", "server":"akswtt00700001y"}}
{"logTime": "0425/082851", "correlationVector":"q3yiGkHKXzrx76lQA6qPGC.2","action":"Commit Response", "result":"Success", "context":Result: Success. cV=q3yiGkHKXzrx76lQA6qPGC.0;server=akswtt00700001y;cloudType=Consumer;environment=Prod_francecentral_prod-s01-062-eur-francecentral;migrationStage=NotStarted}
{"logTime": "0425/084349", "correlationVector":"5kJsiWTKw9kvnPPMjfL6He","action":"Normal GetUpdate request", "result":"", "context":cV=5kJsiWTKw9kvnPPMjfL6He
Notified types: Device Info, History, Edge Hub App Usage}
{"logTime": "0425/084349", "correlationVector":"5kJsiWTKw9kvnPPMjfL6He.1","action":"SyncServerConnectionManagerRequest", "result":"SYNC_SERVER_OK", "context":{"environment":"Prod_francecentral_prod-s01-062-eur-francecentral", "migrationStage":"NotStarted", "server":"akswtt00700000v"}}
{"logTime": "0425/084349", "correlationVector":"5kJsiWTKw9kvnPPMjfL6He.2","action":"ProcessGetUpdates", "result":"Done", "context":{"dataType":"Sessions", "deleted":"5", "process_failed_to_decrypt":"0", "process_pending_decryption":"0", "process_success":"9", "total":"9"}}
{"logTime": "0425/084349", "correlationVector":"5kJsiWTKw9kvnPPMjfL6He.3","action":"ProcessGetUpdates", "result":"Done", "context":{"dataType":"Device Info", "deleted":"0", "process_failed_to_decrypt":"0", "process_pending_decryption":"0", "process_success":"2", "total":"2"}}
{"logTime": "0425/084349", "correlationVector":"5kJsiWTKw9kvnPPMjfL6He.4","action":"ProcessGetUpdates", "result":"Done", "context":{"dataType":"History", "deleted":"0", "process_failed_to_decrypt":"0", "process_pending_decryption":"0", "process_success":"5", "total":"5"}}
{"logTime": "0425/084349", "correlationVector":"5kJsiWTKw9kvnPPMjfL6He.5","action":"ProcessGetUpdates", "result":"Done", "context":{"dataType":"Edge Hub App Usage", "deleted":"0", "process_failed_to_decrypt":"0", "process_pending_decryption":"0", "process_success":"1", "total":"1"}}
{"logTime": "0425/084349", "correlationVector":"5kJsiWTKw9kvnPPMjfL6He.6","action":"GetUpdates Response", "result":"Success", "context":Received 17 update(s). cV=5kJsiWTKw9kvnPPMjfL6He.0;server=akswtt00700000v;cloudType=Consumer;environment=Prod_francecentral_prod-s01-062-eur-francecentral;migrationStage=NotStarted}
{"logTime": "0425/084643", "correlationVector":"gFmzxKQqlN3KbfXTV9JWUy","action":"Normal GetUpdate request", "result":"", "context":cV=gFmzxKQqlN3KbfXTV9JWUy
Notified types: History}
{"logTime": "0425/084643", "correlationVector":"gFmzxKQqlN3KbfXTV9JWUy.1","action":"SyncServerConnectionManagerRequest", "result":"SYNC_SERVER_OK", "context":{"environment":"Prod_francecentral_prod-s01-062-eur-francecentral", "migrationStage":"NotStarted", "server":"akswtt00700000n"}}
{"logTime": "0425/084643", "correlationVector":"gFmzxKQqlN3KbfXTV9JWUy.2","action":"ProcessGetUpdates", "result":"Done", "context":{"dataType":"Sessions", "deleted":"0", "process_failed_to_decrypt":"0", "process_pending_decryption":"0", "process_success":"4", "total":"4"}}
{"logTime": "0425/084643", "correlationVector":"gFmzxKQqlN3KbfXTV9JWUy.3","action":"ProcessGetUpdates", "result":"Done", "context":{"dataType":"History", "deleted":"0", "process_failed_to_decrypt":"0", "process_pending_decryption":"0", "process_success":"1", "total":"1"}}
{"logTime": "0425/084643", "correlationVector":"gFmzxKQqlN3KbfXTV9JWUy.4","action":"GetUpdates Response", "result":"Success", "context":Received 5 update(s). cV=gFmzxKQqlN3KbfXTV9JWUy.0;server=akswtt00700000n;cloudType=Consumer;environment=Prod_francecentral_prod-s01-062-eur-francecentral;migrationStage=NotStarted}
{"logTime": "0425/085232", "correlationVector":"dmniclPW5rXeD7Ijfchajz","action":"Normal GetUpdate request", "result":"", "context":cV=dmniclPW5rXeD7Ijfchajz
Notified types: History}
{"logTime": "0425/085232", "correlationVector":"dmniclPW5rXeD7Ijfchajz.1","action":"SyncServerConnectionManagerRequest", "result":"SYNC_SERVER_OK", "context":{"environment":"Prod_francecentral_prod-s01-062-eur-francecentral", "migrationStage":"NotStarted", "server":"akswtt00700002c"}}
{"logTime": "0425/085232", "correlationVector":"dmniclPW5rXeD7Ijfchajz.2","action":"ProcessGetUpdates", "result":"Done", "context":{"dataType":"Sessions", "deleted":"3", "process_failed_to_decrypt":"0", "process_pending_decryption":"0", "process_success":"6", "total":"6"}}
{"logTime": "0425/085232", "correlationVector":"dmniclPW5rXeD7Ijfchajz.3","action":"ProcessGetUpdates", "result":"Done", "context":{"dataType":"History", "deleted":"0", "process_failed_to_decrypt":"0", "process_pending_decryption":"0", "process_success":"1", "total":"1"}}
{"logTime": "0425/085232", "correlationVector":"dmniclPW5rXeD7Ijfchajz.4","action":"GetUpdates Response", "result":"Success", "context":Received 7 update(s). cV=dmniclPW5rXeD7Ijfchajz.0;server=akswtt00700002c;cloudType=Consumer;environment=Prod_francecentral_prod-s01-062-eur-francecentral;migrationStage=NotStarted}
{"logTime": "0425/091153", "correlationVector":"jv6pLsjowArz/HDdXUVmA3","action":"Normal GetUpdate request", "result":"", "context":cV=jv6pLsjowArz/HDdXUVmA3
Notified types: Preferences, Passwords, History}
{"logTime": "0425/091154", "correlationVector":"jv6pLsjowArz/HDdXUVmA3.1","action":"SyncServerConnectionManagerRequest", "result":"SYNC_SERVER_OK", "context":{"environment":"Prod_francecentral_prod-s01-062-eur-francecentral", "migrationStage":"NotStarted", "server":"akswtt00700003r"}}
{"logTime": "0425/091154", "correlationVector":"jv6pLsjowArz/HDdXUVmA3.2","action":"ProcessGetUpdates", "result":"Done", "context":{"dataType":"Preferences", "deleted":"0", "process_failed_to_decrypt":"0", "process_pending_decryption":"0", "process_success":"2", "total":"2"}}
{"logTime": "0425/091154", "correlationVector":"jv6pLsjowArz/HDdXUVmA3.3","action":"ProcessGetUpdates", "result":"Done", "context":{"dataType":"Passwords", "deleted":"0", "process_failed_to_decrypt":"0", "process_pending_decryption":"0", "process_success":"1", "total":"1"}}
{"logTime": "0425/091154", "correlationVector":"jv6pLsjowArz/HDdXUVmA3.4","action":"ProcessGetUpdates", "result":"Done", "context":{"dataType":"Sessions", "deleted":"0", "process_failed_to_decrypt":"0", "process_pending_decryption":"0", "process_success":"2", "total":"2"}}
{"logTime": "0425/091154", "correlationVector":"jv6pLsjowArz/HDdXUVmA3.5","action":"ProcessGetUpdates", "result":"Done", "context":{"dataType":"History", "deleted":"0", "process_failed_to_decrypt":"0", "process_pending_decryption":"0", "process_success":"3", "total":"3"}}
{"logTime": "0425/091154", "correlationVector":"jv6pLsjowArz/HDdXUVmA3.6","action":"GetUpdates Response", "result":"Success", "context":Received 8 update(s). cV=jv6pLsjowArz/HDdXUVmA3.0;server=akswtt00700003r;cloudType=Consumer;environment=Prod_francecentral_prod-s01-062-eur-francecentral;migrationStage=NotStarted}
