2025-04-10 11:31:58.373: [INFO][Sync] Reset engine, reason: 8
2025-04-10 11:31:58.373: [INFO][Sync] Stopped: Bookmarks
2025-04-10 11:31:58.373: [INFO][Sync] Stopped: Preferences
2025-04-10 11:31:58.373: [INFO][Sync] Stopped: Passwords
2025-04-10 11:31:58.373: [INFO][Sync] Stopped: Autofill Profiles
2025-04-10 11:31:58.373: [INFO][Sync] Stopped: Autofill
2025-04-10 11:31:58.373: [INFO][Sync] Stopped: Extensions
2025-04-10 11:31:58.373: [INFO][Sync] Stopped: Sessions
2025-04-10 11:31:58.374: [INFO][Sync] Stopped: Extension settings
2025-04-10 11:31:58.374: [INFO][Sync] Stopped: History Delete Directives
2025-04-10 11:31:58.374: [INFO][Sync] Stopped: Device Info
2025-04-10 11:31:58.374: [INFO][Sync] Stopped: User Consents
2025-04-10 11:31:58.374: [INFO][Sync] Stopped: Send Tab To Self
2025-04-10 11:31:58.374: [INFO][Sync] Stopped: Web Apps
2025-04-10 11:31:58.374: [INFO][Sync] Stopped: History
2025-04-10 11:31:58.374: [INFO][Sync] Stopped: Saved Tab Group
2025-04-10 11:31:58.374: [INFO][Sync] Stopped: Collection
2025-04-10 11:31:58.374: [INFO][Sync] Stopped: Edge E Drop
2025-04-10 11:31:58.374: [INFO][Sync] Stopped: Edge Hub App Usage
2025-04-10 11:31:58.374: [INFO][Sync] Stopped: Edge Tab Group
2025-04-10 11:31:58.374: [INFO][Sync] Stopped: Edge Wallet
2025-04-10 11:31:58.374: [INFO][Sync] SyncState after authenticated was: NotSignedIn
2025-04-10 11:31:58.627: [INFO][Sync] Reset engine, reason: 8
2025-04-10 11:31:58.627: [INFO][Sync] Stopped: Bookmarks
2025-04-10 11:31:58.627: [INFO][Sync] Stopped: Preferences
2025-04-10 11:31:58.627: [INFO][Sync] Stopped: Passwords
2025-04-10 11:31:58.627: [INFO][Sync] Stopped: Autofill Profiles
2025-04-10 11:31:58.627: [INFO][Sync] Stopped: Autofill
2025-04-10 11:31:58.627: [INFO][Sync] Stopped: Extensions
2025-04-10 11:31:58.627: [INFO][Sync] Stopped: Sessions
2025-04-10 11:31:58.627: [INFO][Sync] Stopped: Extension settings
2025-04-10 11:31:58.627: [INFO][Sync] Stopped: History Delete Directives
2025-04-10 11:31:58.627: [INFO][Sync] Stopped: Device Info
2025-04-10 11:31:58.627: [INFO][Sync] Stopped: User Consents
2025-04-10 11:31:58.627: [INFO][Sync] Stopped: Send Tab To Self
2025-04-10 11:31:58.627: [INFO][Sync] Stopped: Web Apps
2025-04-10 11:31:58.627: [INFO][Sync] Stopped: History
2025-04-10 11:31:58.627: [INFO][Sync] Stopped: Saved Tab Group
2025-04-10 11:31:58.627: [INFO][Sync] Stopped: Collection
2025-04-10 11:31:58.627: [INFO][Sync] Stopped: Edge E Drop
2025-04-10 11:31:58.627: [INFO][Sync] Stopped: Edge Hub App Usage
2025-04-10 11:31:58.627: [INFO][Sync] Stopped: Edge Tab Group
2025-04-10 11:31:58.627: [INFO][Sync] Stopped: Edge Wallet
2025-04-10 11:31:58.743: [INFO][Sync] Try to start sync engine
2025-04-10 11:31:58.744: [INFO][SyncManagerImpl::NudgeForInitialDownload] Initial download nudge for Encryption Keys
2025-04-10 11:31:58.744: [INFO][SyncEngineBackend::LoadAndConnectNigoriController] Load and connect Nigori controller
2025-04-10 11:31:58.744: [INFO][SyncEngineBackend::DoInitialize] Control Types added: Encryption Keys
2025-04-10 11:31:58.744: [INFO][SyncManagerImpl::ConfigureSyncer] Types to download: Encryption Keys with reason: 3
2025-04-10 11:31:58.744: [INFO][SyncSchedulerImpl::DoConfigurationSyncCycleJob] Configure job was blocked
2025-04-10 11:31:58.801: [INFO][SyncAuthManager::SetLastAuthError] Current auth error: None
2025-04-10 11:31:58.801: [INFO][SyncAuthManager::EdgeLogTokenErrorState] Token error with: None for account type: MSA
2025-04-10 11:31:58.801: [INFO][Sync] Credentials changed for: EdgeSyncScopeNew
2025-04-10 11:32:35.017: [INFO][SyncAuthManager::SetLastAuthError] Current auth error: None
2025-04-10 11:32:35.017: [INFO][SyncAuthManager::EdgeLogTokenErrorState] Token error with: None for account type: MSA
2025-04-10 11:32:35.017: [INFO][Sync] Credentials changed for: EdgeSyncKeyDataScope
2025-04-10 11:32:35.017: [INFO][SyncEngineBackend::DoUpdateKeyDataCredentials] Update key data credentials
2025-04-10 11:32:35.017: [INFO][SyncEngineBackend::DoUpdateCredentials] Update credentials
2025-04-10 11:32:35.017: [INFO][SyncSchedulerImpl::DoConfigurationSyncCycleJob] Blocked types:  and types to download: Encryption Keys
2025-04-10 11:33:02.941: [INFO][SyncSchedulerImpl::OnSyncNetworkError] Syncer error: Network error (ERR_NAME_NOT_RESOLVED)
2025-04-10 11:33:02.941: [INFO][SyncSchedulerImpl::DoConfigurationSyncCycleJob] Syncer error: Network error (ERR_NAME_NOT_RESOLVED)
2025-04-10 11:33:02.941: [WARN][Sync] NetworkError: Network error (ERR_NAME_NOT_RESOLVED)
2025-04-10 11:34:17.950: [INFO][SyncSchedulerImpl::DoConfigurationSyncCycleJob] Blocked types:  and types to download: Encryption Keys
2025-04-10 11:34:18.280: [INFO][Sync] Started DataTypeManager configuration, reason: 4
2025-04-10 11:34:18.280: [INFO][Sync] Configuring for: Bookmarks, Preferences, Passwords, Autofill Profiles, Autofill, Extensions, Sessions, Extension settings, History Delete Directives, Device Info, User Consents, Send Tab To Self, Web Apps, History, Saved Tab Group, Collection, Edge E Drop, Edge Hub App Usage, Edge Tab Group, Edge Wallet, Encryption Keys, reason: 3, current state: 0
2025-04-10 11:34:18.280: [INFO][SyncEngineBackend::DoStartConfiguration] Start configuration
2025-04-10 11:34:18.282: [INFO][Sync] Configure, desired: Bookmarks, Preferences, Passwords, Autofill Profiles, Autofill, Extensions, Sessions, Extension settings, History Delete Directives, Device Info, User Consents, Send Tab To Self, Web Apps, History, Saved Tab Group, Collection, Edge E Drop, Edge Hub App Usage, Edge Tab Group, Edge Wallet, Encryption Keys; Allow fail: 
2025-04-10 11:34:18.282: [INFO][Sync] Loading: Bookmarks
2025-04-10 11:34:18.282: [INFO][Sync] Loading: Preferences
2025-04-10 11:34:18.282: [INFO][Sync] Loading: Passwords
2025-04-10 11:34:18.282: [INFO][Sync] Loading: Autofill Profiles
2025-04-10 11:34:18.282: [INFO][Sync] Loading: Autofill
2025-04-10 11:34:18.282: [INFO][Sync] Loading: Extensions
2025-04-10 11:34:18.282: [INFO][Sync] Loading: Sessions
2025-04-10 11:34:18.282: [INFO][Sync] Loading: Extension settings
2025-04-10 11:34:18.282: [INFO][Sync] Loading: History Delete Directives
2025-04-10 11:34:18.283: [INFO][Sync] Loading: Device Info
2025-04-10 11:34:18.283: [INFO][Sync] Loading: User Consents
2025-04-10 11:34:18.283: [INFO][Sync] Loading: Send Tab To Self
2025-04-10 11:34:18.283: [INFO][Sync] Loading: Web Apps
2025-04-10 11:34:18.283: [INFO][Sync] Loading: History
2025-04-10 11:34:18.283: [INFO][Sync] Loading: Saved Tab Group
2025-04-10 11:34:18.283: [INFO][Sync] Loading: Collection
2025-04-10 11:34:18.283: [INFO][Sync] Loading: Edge E Drop
2025-04-10 11:34:18.283: [INFO][Sync] Loading: Edge Hub App Usage
2025-04-10 11:34:18.283: [INFO][Sync] Loading: Edge Tab Group
2025-04-10 11:34:18.283: [INFO][Sync] Loading: Edge Wallet
2025-04-10 11:34:18.294: [INFO][Sync] All data types are ready for configure.
2025-04-10 11:34:18.294: [INFO][SyncManagerImpl::NudgeForInitialDownload] Initial download nudge for Bookmarks
2025-04-10 11:34:18.294: [INFO][SyncManagerImpl::NudgeForInitialDownload] Initial download nudge for Preferences
2025-04-10 11:34:18.294: [INFO][SyncManagerImpl::NudgeForInitialDownload] Initial download nudge for Passwords
2025-04-10 11:34:18.294: [INFO][SyncManagerImpl::NudgeForInitialDownload] Initial download nudge for Autofill Profiles
2025-04-10 11:34:18.294: [INFO][SyncManagerImpl::NudgeForInitialDownload] Initial download nudge for Autofill
2025-04-10 11:34:18.294: [INFO][SyncManagerImpl::NudgeForInitialDownload] Initial download nudge for Extensions
2025-04-10 11:34:18.294: [INFO][SyncManagerImpl::NudgeForInitialDownload] Initial download nudge for Sessions
2025-04-10 11:34:18.294: [INFO][SyncManagerImpl::NudgeForInitialDownload] Initial download nudge for Extension settings
2025-04-10 11:34:18.294: [INFO][SyncManagerImpl::NudgeForInitialDownload] Initial download nudge for History Delete Directives
2025-04-10 11:34:18.294: [INFO][SyncManagerImpl::NudgeForInitialDownload] Initial download nudge for Device Info
2025-04-10 11:34:18.294: [INFO][SyncManagerImpl::NudgeForInitialDownload] Initial download nudge for Send Tab To Self
2025-04-10 11:34:18.294: [INFO][SyncManagerImpl::NudgeForInitialDownload] Initial download nudge for Web Apps
2025-04-10 11:34:18.295: [INFO][SyncManagerImpl::NudgeForInitialDownload] Initial download nudge for History
2025-04-10 11:34:18.295: [INFO][SyncManagerImpl::NudgeForInitialDownload] Initial download nudge for Saved Tab Group
2025-04-10 11:34:18.295: [INFO][SyncManagerImpl::NudgeForInitialDownload] Initial download nudge for Collection
2025-04-10 11:34:18.295: [INFO][SyncManagerImpl::NudgeForInitialDownload] Initial download nudge for Edge E Drop
2025-04-10 11:34:18.295: [INFO][SyncManagerImpl::NudgeForInitialDownload] Initial download nudge for Edge Hub App Usage
2025-04-10 11:34:18.295: [INFO][SyncManagerImpl::NudgeForInitialDownload] Initial download nudge for Edge Tab Group
2025-04-10 11:34:18.295: [INFO][SyncManagerImpl::NudgeForInitialDownload] Initial download nudge for Edge Wallet
2025-04-10 11:34:18.295: [INFO][SyncManagerImpl::ConfigureSyncer] Types to download:  with reason: 3
2025-04-10 11:34:18.295: [INFO][SyncEngineBackend::DoFinishConfigureDataTypes] Failed to download types:  and succeeded types: 
2025-04-10 11:34:18.295: [INFO][Sync] ConfigurationDone, failed: , succeeded: , remaining count: 4
2025-04-10 11:34:18.296: [INFO][Sync] Prepare to configure types: Preferences, Passwords, Device Info, Send Tab To Self, Edge E Drop, Encryption Keys
2025-04-10 11:34:18.296: [INFO][SyncManagerImpl::ConfigureSyncer] Types to download: Preferences, Passwords, Device Info, Send Tab To Self, Edge E Drop, Encryption Keys with reason: 3
2025-04-10 11:34:18.296: [INFO][SyncSchedulerImpl::DoConfigurationSyncCycleJob] Blocked types:  and types to download: Preferences, Passwords, Device Info, Send Tab To Self, Edge E Drop, Encryption Keys
2025-04-10 11:34:18.999: [INFO][SyncEngineBackend::DoFinishConfigureDataTypes] Failed to download types:  and succeeded types: Preferences, Passwords, Device Info, Send Tab To Self, Edge E Drop, Encryption Keys
2025-04-10 11:34:19.000: [INFO][Sync] ConfigurationDone, failed: , succeeded: Preferences, Passwords, Device Info, Send Tab To Self, Edge E Drop, Encryption Keys, remaining count: 3
2025-04-10 11:34:19.000: [INFO][Sync] Prepare to configure types: Bookmarks, Encryption Keys
2025-04-10 11:34:19.000: [INFO][SyncManagerImpl::ConfigureSyncer] Types to download: Bookmarks, Encryption Keys with reason: 3
2025-04-10 11:34:19.000: [INFO][SyncSchedulerImpl::DoConfigurationSyncCycleJob] Blocked types:  and types to download: Bookmarks, Encryption Keys
2025-04-10 11:34:19.153: [INFO][SyncEngineBackend::DoFinishConfigureDataTypes] Failed to download types:  and succeeded types: Bookmarks, Encryption Keys
2025-04-10 11:34:19.154: [INFO][Sync] ConfigurationDone, failed: , succeeded: Bookmarks, Encryption Keys, remaining count: 2
2025-04-10 11:34:19.154: [INFO][Sync] Prepare to configure types: Autofill Profiles, Autofill, Extensions, Sessions, Extension settings, History Delete Directives, Web Apps, Saved Tab Group, Collection, Edge Hub App Usage, Edge Tab Group, Edge Wallet, Encryption Keys
2025-04-10 11:34:19.154: [INFO][SyncManagerImpl::ConfigureSyncer] Types to download: Autofill Profiles, Autofill, Extensions, Sessions, Extension settings, History Delete Directives, Web Apps, Saved Tab Group, Collection, Edge Hub App Usage, Edge Tab Group, Edge Wallet, Encryption Keys with reason: 3
2025-04-10 11:34:19.154: [INFO][SyncSchedulerImpl::DoConfigurationSyncCycleJob] Blocked types:  and types to download: Autofill Profiles, Autofill, Extensions, Sessions, Extension settings, History Delete Directives, Web Apps, Saved Tab Group, Collection, Edge Hub App Usage, Edge Tab Group, Edge Wallet, Encryption Keys
2025-04-10 11:34:19.487: [INFO][SyncEngineBackend::DoFinishConfigureDataTypes] Failed to download types:  and succeeded types: Autofill Profiles, Autofill, Extensions, Sessions, Extension settings, History Delete Directives, Web Apps, Saved Tab Group, Collection, Edge Hub App Usage, Edge Tab Group, Edge Wallet, Encryption Keys
2025-04-10 11:34:19.489: [INFO][Sync] ConfigurationDone, failed: , succeeded: Autofill Profiles, Autofill, Extensions, Sessions, Extension settings, History Delete Directives, Web Apps, Saved Tab Group, Collection, Edge Hub App Usage, Edge Tab Group, Edge Wallet, Encryption Keys, remaining count: 1
2025-04-10 11:34:19.491: [INFO][Sync] Prepare to configure types: History, Encryption Keys
2025-04-10 11:34:19.491: [INFO][SyncManagerImpl::ConfigureSyncer] Types to download: History, Encryption Keys with reason: 3
2025-04-10 11:34:19.491: [INFO][SyncSchedulerImpl::DoConfigurationSyncCycleJob] Blocked types:  and types to download: History, Encryption Keys
2025-04-10 11:34:19.733: [INFO][SyncEngineBackend::DoFinishConfigureDataTypes] Failed to download types:  and succeeded types: History, Encryption Keys
2025-04-10 11:34:19.736: [INFO][Sync] ConfigurationDone, failed: , succeeded: History, Encryption Keys, remaining count: 0
2025-04-10 11:34:19.737: [INFO][Sync]     Configuration completed, state: 3
2025-04-10 11:34:19.737: [INFO][Sync] Configured DataTypeManager: Ok
2025-04-10 11:34:19.738: [INFO][SyncEngineBackend::DoStartSyncing] Start syncing
2025-04-10 12:02:19.703: [INFO][Sync] Reset engine, reason: 0
2025-04-10 12:02:19.703: [INFO][Sync] Reset engine with reason: 0
2025-04-11 00:34:29.864: [INFO][Sync] SyncState after authenticated was: FeatureCanStart
2025-04-11 00:34:30.407: [INFO][Sync] Try to start sync engine
2025-04-11 00:34:30.426: [INFO][SyncManagerImpl::NudgeForInitialDownload] Initial download nudge for Encryption Keys
2025-04-11 00:34:30.426: [INFO][SyncEngineBackend::LoadAndConnectNigoriController] Load and connect Nigori controller
2025-04-11 00:34:30.426: [INFO][SyncEngineBackend::DoInitialize] Control Types added: Encryption Keys
2025-04-11 00:34:30.426: [INFO][SyncManagerImpl::ConfigureSyncer] Types to download: Encryption Keys with reason: 3
2025-04-11 00:34:30.426: [INFO][SyncSchedulerImpl::DoConfigurationSyncCycleJob] Configure job was blocked
2025-04-11 00:34:30.486: [INFO][SyncAuthManager::SetLastAuthError] Current auth error: None
2025-04-11 00:34:30.486: [INFO][SyncAuthManager::EdgeLogTokenErrorState] Token error with: None for account type: MSA
2025-04-11 00:34:30.486: [INFO][Sync] Credentials changed for: EdgeSyncScopeNew
2025-04-11 00:34:31.356: [INFO][SyncAuthManager::SetLastAuthError] Current auth error: None
2025-04-11 00:34:31.356: [INFO][SyncAuthManager::EdgeLogTokenErrorState] Token error with: None for account type: MSA
2025-04-11 00:34:31.356: [INFO][Sync] Credentials changed for: EdgeSyncKeyDataScope
2025-04-11 00:34:31.356: [INFO][SyncEngineBackend::DoUpdateKeyDataCredentials] Update key data credentials
2025-04-11 00:34:31.356: [INFO][SyncEngineBackend::DoUpdateCredentials] Update credentials
2025-04-11 00:34:31.356: [INFO][SyncSchedulerImpl::DoConfigurationSyncCycleJob] Blocked types:  and types to download: Encryption Keys
2025-04-11 00:34:31.763: [INFO][Sync] Started DataTypeManager configuration, reason: 4
2025-04-11 00:34:31.763: [INFO][Sync] Configuring for: Bookmarks, Preferences, Passwords, Autofill Profiles, Autofill, Extensions, Sessions, Extension settings, History Delete Directives, Device Info, User Consents, Send Tab To Self, Web Apps, History, Saved Tab Group, Collection, Edge E Drop, Edge Hub App Usage, Edge Tab Group, Edge Wallet, Encryption Keys, reason: 4, current state: 0
2025-04-11 00:34:31.763: [WARN][Sync] Crypto error data types: Passwords, Autofill Profiles, Autofill
2025-04-11 00:34:31.767: [INFO][Sync] Configure, desired: Bookmarks, Preferences, Extensions, Sessions, Extension settings, History Delete Directives, Device Info, User Consents, Send Tab To Self, Web Apps, History, Saved Tab Group, Collection, Edge E Drop, Edge Hub App Usage, Edge Tab Group, Edge Wallet, Encryption Keys; Allow fail: Passwords, Autofill Profiles, Autofill
2025-04-11 00:34:31.768: [INFO][Sync] Loading: Bookmarks
2025-04-11 00:34:31.768: [INFO][Sync] Loading: Preferences
2025-04-11 00:34:31.768: [INFO][Sync] Loading: Extensions
2025-04-11 00:34:31.768: [INFO][Sync] Loading: Sessions
2025-04-11 00:34:31.768: [INFO][Sync] Loading: Extension settings
2025-04-11 00:34:31.768: [INFO][Sync] Loading: History Delete Directives
2025-04-11 00:34:31.769: [INFO][Sync] Loading: Device Info
2025-04-11 00:34:31.769: [INFO][Sync] Loading: User Consents
2025-04-11 00:34:31.769: [INFO][Sync] Loading: Send Tab To Self
2025-04-11 00:34:31.769: [INFO][Sync] Loading: Web Apps
2025-04-11 00:34:31.769: [INFO][Sync] Loading: History
2025-04-11 00:34:31.769: [INFO][Sync] Loading: Saved Tab Group
2025-04-11 00:34:31.769: [INFO][Sync] Loading: Collection
2025-04-11 00:34:31.769: [INFO][Sync] Loading: Edge E Drop
2025-04-11 00:34:31.769: [INFO][Sync] Loading: Edge Hub App Usage
2025-04-11 00:34:31.769: [INFO][Sync] Loading: Edge Tab Group
2025-04-11 00:34:31.769: [INFO][Sync] Loading: Edge Wallet
2025-04-11 00:34:31.779: [INFO][Sync] All data types are ready for configure.
2025-04-11 00:34:32.172: [INFO][Sync] Started DataTypeManager configuration, reason: 5
2025-04-11 00:34:32.172: [INFO][Sync] Configuring for: Bookmarks, Preferences, Passwords, Autofill Profiles, Autofill, Extensions, Sessions, Extension settings, History Delete Directives, Device Info, User Consents, Send Tab To Self, Web Apps, History, Saved Tab Group, Collection, Edge E Drop, Edge Hub App Usage, Edge Tab Group, Edge Wallet, Encryption Keys, reason: 5, current state: 1
2025-04-11 00:34:32.186: [INFO][SyncEngineBackend::DoStartConfiguration] Start configuration
2025-04-11 00:34:32.187: [INFO][SyncManagerImpl::ConfigureSyncer] Types to download:  with reason: 4
2025-04-11 00:34:32.187: [INFO][SyncEngineBackend::DoFinishConfigureDataTypes] Failed to download types:  and succeeded types: 
2025-04-11 00:34:32.187: [INFO][Sync] ConfigurationDone, failed: , succeeded: , remaining count: 4
2025-04-11 00:34:32.187: [WARN][Sync]     Reconfigure requested while configuration ongoing.
2025-04-11 00:34:32.187: [INFO][Sync] Configuring for: Bookmarks, Preferences, Passwords, Autofill Profiles, Autofill, Extensions, Sessions, Extension settings, History Delete Directives, Device Info, User Consents, Send Tab To Self, Web Apps, History, Saved Tab Group, Collection, Edge E Drop, Edge Hub App Usage, Edge Tab Group, Edge Wallet, Encryption Keys, reason: 5, current state: 2
2025-04-11 00:34:32.187: [INFO][Sync] Configure, desired: Bookmarks, Preferences, Passwords, Autofill Profiles, Autofill, Extensions, Sessions, Extension settings, History Delete Directives, Device Info, User Consents, Send Tab To Self, Web Apps, History, Saved Tab Group, Collection, Edge E Drop, Edge Hub App Usage, Edge Tab Group, Edge Wallet, Encryption Keys; Allow fail: 
2025-04-11 00:34:32.187: [INFO][Sync] Loading: Passwords
2025-04-11 00:34:32.187: [INFO][Sync] Loading: Autofill Profiles
2025-04-11 00:34:32.187: [INFO][Sync] Loading: Autofill
2025-04-11 00:34:32.188: [INFO][Sync] All data types are ready for configure.
2025-04-11 00:34:32.188: [INFO][SyncManagerImpl::NudgeForInitialDownload] Initial download nudge for Passwords
2025-04-11 00:34:32.190: [INFO][SyncManagerImpl::ConfigureSyncer] Types to download:  with reason: 5
2025-04-11 00:34:32.190: [INFO][SyncEngineBackend::DoFinishConfigureDataTypes] Failed to download types:  and succeeded types: 
2025-04-11 00:34:32.195: [INFO][Sync] ConfigurationDone, failed: , succeeded: , remaining count: 4
2025-04-11 00:34:32.195: [INFO][Sync] Prepare to configure types: Passwords, Encryption Keys
2025-04-11 00:34:32.196: [INFO][SyncManagerImpl::ConfigureSyncer] Types to download: Passwords, Encryption Keys with reason: 5
2025-04-11 00:34:32.196: [INFO][SyncSchedulerImpl::DoConfigurationSyncCycleJob] Blocked types:  and types to download: Passwords, Encryption Keys
2025-04-11 00:34:32.527: [INFO][SyncEngineBackend::DoFinishConfigureDataTypes] Failed to download types:  and succeeded types: Passwords, Encryption Keys
2025-04-11 00:34:32.532: [INFO][Sync] ConfigurationDone, failed: , succeeded: Passwords, Encryption Keys, remaining count: 3
2025-04-11 00:34:32.533: [INFO][SyncManagerImpl::ConfigureSyncer] Types to download:  with reason: 5
2025-04-11 00:34:32.533: [INFO][SyncEngineBackend::DoFinishConfigureDataTypes] Failed to download types:  and succeeded types: 
2025-04-11 00:34:32.537: [INFO][Sync] ConfigurationDone, failed: , succeeded: , remaining count: 2
2025-04-11 00:34:32.537: [INFO][SyncManagerImpl::ConfigureSyncer] Types to download:  with reason: 5
2025-04-11 00:34:32.537: [INFO][SyncEngineBackend::DoFinishConfigureDataTypes] Failed to download types:  and succeeded types: 
2025-04-11 00:34:32.538: [INFO][Sync] ConfigurationDone, failed: , succeeded: , remaining count: 1
2025-04-11 00:34:32.540: [INFO][SyncManagerImpl::ConfigureSyncer] Types to download:  with reason: 5
2025-04-11 00:34:32.540: [INFO][SyncEngineBackend::DoFinishConfigureDataTypes] Failed to download types:  and succeeded types: 
2025-04-11 00:34:32.540: [INFO][Sync] ConfigurationDone, failed: , succeeded: , remaining count: 0
2025-04-11 00:34:32.542: [INFO][Sync]     Configuration completed, state: 7
2025-04-11 00:34:32.542: [INFO][Sync] Configured DataTypeManager: Ok
2025-04-11 00:34:32.544: [INFO][SyncEngineBackend::DoStartSyncing] Start syncing
2025-04-11 00:53:05.110: [INFO][Sync] Reset engine, reason: 0
2025-04-11 00:53:05.110: [INFO][Sync] Reset engine with reason: 0
2025-04-11 14:02:40.463: [INFO][Sync] SyncState after authenticated was: FeatureCanStart
2025-04-11 14:02:40.921: [INFO][Sync] Try to start sync engine
2025-04-11 14:02:40.931: [INFO][SyncManagerImpl::NudgeForInitialDownload] Initial download nudge for Encryption Keys
2025-04-11 14:02:40.932: [INFO][SyncEngineBackend::LoadAndConnectNigoriController] Load and connect Nigori controller
2025-04-11 14:02:40.932: [INFO][SyncEngineBackend::DoInitialize] Control Types added: Encryption Keys
2025-04-11 14:02:40.932: [INFO][SyncManagerImpl::ConfigureSyncer] Types to download: Encryption Keys with reason: 3
2025-04-11 14:02:40.932: [INFO][SyncSchedulerImpl::DoConfigurationSyncCycleJob] Configure job was blocked
2025-04-11 14:02:40.964: [INFO][SyncAuthManager::SetLastAuthError] Current auth error: None
2025-04-11 14:02:40.964: [INFO][SyncAuthManager::EdgeLogTokenErrorState] Token error with: None for account type: MSA
2025-04-11 14:02:40.964: [INFO][Sync] Credentials changed for: EdgeSyncScopeNew
2025-04-11 14:02:43.904: [INFO][SyncAuthManager::SetLastAuthError] Current auth error: None
2025-04-11 14:02:43.904: [INFO][SyncAuthManager::EdgeLogTokenErrorState] Token error with: None for account type: MSA
2025-04-11 14:02:43.904: [INFO][Sync] Credentials changed for: EdgeSyncKeyDataScope
2025-04-11 14:02:43.904: [INFO][SyncEngineBackend::DoUpdateKeyDataCredentials] Update key data credentials
2025-04-11 14:02:43.904: [INFO][SyncEngineBackend::DoUpdateCredentials] Update credentials
2025-04-11 14:02:43.904: [INFO][SyncSchedulerImpl::DoConfigurationSyncCycleJob] Blocked types:  and types to download: Encryption Keys
2025-04-11 14:02:44.590: [INFO][Sync] Started DataTypeManager configuration, reason: 4
2025-04-11 14:02:44.590: [INFO][Sync] Configuring for: Bookmarks, Preferences, Passwords, Autofill Profiles, Autofill, Extensions, Sessions, Extension settings, History Delete Directives, Device Info, User Consents, Send Tab To Self, Web Apps, History, Saved Tab Group, Collection, Edge E Drop, Edge Hub App Usage, Edge Tab Group, Edge Wallet, Encryption Keys, reason: 4, current state: 0
2025-04-11 14:02:44.590: [WARN][Sync] Crypto error data types: Passwords, Autofill Profiles, Autofill
2025-04-11 14:02:44.592: [INFO][Sync] Configure, desired: Bookmarks, Preferences, Extensions, Sessions, Extension settings, History Delete Directives, Device Info, User Consents, Send Tab To Self, Web Apps, History, Saved Tab Group, Collection, Edge E Drop, Edge Hub App Usage, Edge Tab Group, Edge Wallet, Encryption Keys; Allow fail: Passwords, Autofill Profiles, Autofill
2025-04-11 14:02:44.592: [INFO][Sync] Loading: Bookmarks
2025-04-11 14:02:44.592: [INFO][Sync] Loading: Preferences
2025-04-11 14:02:44.592: [INFO][Sync] Loading: Extensions
2025-04-11 14:02:44.592: [INFO][Sync] Loading: Sessions
2025-04-11 14:02:44.592: [INFO][Sync] Loading: Extension settings
2025-04-11 14:02:44.592: [INFO][Sync] Loading: History Delete Directives
2025-04-11 14:02:44.592: [INFO][Sync] Loading: Device Info
2025-04-11 14:02:44.592: [INFO][Sync] Loading: User Consents
2025-04-11 14:02:44.592: [INFO][Sync] Loading: Send Tab To Self
2025-04-11 14:02:44.592: [INFO][Sync] Loading: Web Apps
2025-04-11 14:02:44.592: [INFO][Sync] Loading: History
2025-04-11 14:02:44.592: [INFO][Sync] Loading: Saved Tab Group
2025-04-11 14:02:44.592: [INFO][Sync] Loading: Collection
2025-04-11 14:02:44.592: [INFO][Sync] Loading: Edge E Drop
2025-04-11 14:02:44.592: [INFO][Sync] Loading: Edge Hub App Usage
2025-04-11 14:02:44.592: [INFO][Sync] Loading: Edge Tab Group
2025-04-11 14:02:44.592: [INFO][Sync] Loading: Edge Wallet
2025-04-11 14:02:44.598: [INFO][Sync] All data types are ready for configure.
2025-04-11 14:02:45.777: [INFO][Sync] Started DataTypeManager configuration, reason: 5
2025-04-11 14:02:45.777: [INFO][Sync] Configuring for: Bookmarks, Preferences, Passwords, Autofill Profiles, Autofill, Extensions, Sessions, Extension settings, History Delete Directives, Device Info, User Consents, Send Tab To Self, Web Apps, History, Saved Tab Group, Collection, Edge E Drop, Edge Hub App Usage, Edge Tab Group, Edge Wallet, Encryption Keys, reason: 5, current state: 1
2025-04-11 14:02:45.778: [INFO][SyncEngineBackend::DoStartConfiguration] Start configuration
2025-04-11 14:02:45.778: [INFO][SyncManagerImpl::ConfigureSyncer] Types to download:  with reason: 4
2025-04-11 14:02:45.778: [INFO][SyncEngineBackend::DoFinishConfigureDataTypes] Failed to download types:  and succeeded types: 
2025-04-11 14:02:45.779: [INFO][Sync] ConfigurationDone, failed: , succeeded: , remaining count: 4
2025-04-11 14:02:45.779: [WARN][Sync]     Reconfigure requested while configuration ongoing.
2025-04-11 14:02:45.779: [INFO][Sync] Configuring for: Bookmarks, Preferences, Passwords, Autofill Profiles, Autofill, Extensions, Sessions, Extension settings, History Delete Directives, Device Info, User Consents, Send Tab To Self, Web Apps, History, Saved Tab Group, Collection, Edge E Drop, Edge Hub App Usage, Edge Tab Group, Edge Wallet, Encryption Keys, reason: 5, current state: 2
2025-04-11 14:02:45.779: [INFO][Sync] Configure, desired: Bookmarks, Preferences, Passwords, Autofill Profiles, Autofill, Extensions, Sessions, Extension settings, History Delete Directives, Device Info, User Consents, Send Tab To Self, Web Apps, History, Saved Tab Group, Collection, Edge E Drop, Edge Hub App Usage, Edge Tab Group, Edge Wallet, Encryption Keys; Allow fail: 
2025-04-11 14:02:45.779: [INFO][Sync] Loading: Passwords
2025-04-11 14:02:45.779: [INFO][Sync] Loading: Autofill Profiles
2025-04-11 14:02:45.779: [INFO][Sync] Loading: Autofill
2025-04-11 14:02:45.779: [INFO][Sync] All data types are ready for configure.
2025-04-11 14:02:45.779: [INFO][SyncManagerImpl::NudgeForInitialDownload] Initial download nudge for Passwords
2025-04-11 14:02:45.779: [INFO][SyncManagerImpl::ConfigureSyncer] Types to download:  with reason: 5
2025-04-11 14:02:45.779: [INFO][SyncEngineBackend::DoFinishConfigureDataTypes] Failed to download types:  and succeeded types: 
2025-04-11 14:02:45.779: [INFO][Sync] ConfigurationDone, failed: , succeeded: , remaining count: 4
2025-04-11 14:02:45.779: [INFO][Sync] Prepare to configure types: Passwords, Encryption Keys
2025-04-11 14:02:45.779: [INFO][SyncManagerImpl::ConfigureSyncer] Types to download: Passwords, Encryption Keys with reason: 5
2025-04-11 14:02:45.779: [INFO][SyncSchedulerImpl::DoConfigurationSyncCycleJob] Blocked types:  and types to download: Passwords, Encryption Keys
2025-04-11 14:02:46.447: [INFO][SyncEngineBackend::DoFinishConfigureDataTypes] Failed to download types:  and succeeded types: Passwords, Encryption Keys
2025-04-11 14:02:46.447: [INFO][Sync] ConfigurationDone, failed: , succeeded: Passwords, Encryption Keys, remaining count: 3
2025-04-11 14:02:46.447: [INFO][SyncManagerImpl::ConfigureSyncer] Types to download:  with reason: 5
2025-04-11 14:02:46.447: [INFO][SyncEngineBackend::DoFinishConfigureDataTypes] Failed to download types:  and succeeded types: 
2025-04-11 14:02:46.447: [INFO][Sync] ConfigurationDone, failed: , succeeded: , remaining count: 2
2025-04-11 14:02:46.447: [INFO][SyncManagerImpl::ConfigureSyncer] Types to download:  with reason: 5
2025-04-11 14:02:46.447: [INFO][SyncEngineBackend::DoFinishConfigureDataTypes] Failed to download types:  and succeeded types: 
2025-04-11 14:02:46.449: [INFO][Sync] ConfigurationDone, failed: , succeeded: , remaining count: 1
2025-04-11 14:02:46.449: [INFO][SyncManagerImpl::ConfigureSyncer] Types to download:  with reason: 5
2025-04-11 14:02:46.449: [INFO][SyncEngineBackend::DoFinishConfigureDataTypes] Failed to download types:  and succeeded types: 
2025-04-11 14:02:46.450: [INFO][Sync] ConfigurationDone, failed: , succeeded: , remaining count: 0
2025-04-11 14:02:46.451: [INFO][Sync]     Configuration completed, state: 7
2025-04-11 14:02:46.451: [INFO][Sync] Configured DataTypeManager: Ok
2025-04-11 14:02:46.452: [INFO][SyncEngineBackend::DoStartSyncing] Start syncing
2025-04-11 14:05:33.079: [INFO][Sync] Reset engine, reason: 0
2025-04-11 14:05:33.079: [INFO][Sync] Reset engine with reason: 0
2025-04-25 08:27:40.261: [INFO][Sync] SyncState after authenticated was: FeatureCanStart
2025-04-25 08:27:40.669: [INFO][Sync] Try to start sync engine
2025-04-25 08:27:40.677: [INFO][SyncManagerImpl::NudgeForInitialDownload] Initial download nudge for Encryption Keys
2025-04-25 08:27:40.677: [INFO][SyncEngineBackend::LoadAndConnectNigoriController] Load and connect Nigori controller
2025-04-25 08:27:40.677: [INFO][SyncEngineBackend::DoInitialize] Control Types added: Encryption Keys
2025-04-25 08:27:40.677: [INFO][SyncManagerImpl::ConfigureSyncer] Types to download: Encryption Keys with reason: 3
2025-04-25 08:27:40.677: [INFO][SyncSchedulerImpl::DoConfigurationSyncCycleJob] Configure job was blocked
2025-04-25 08:27:40.705: [INFO][SyncAuthManager::SetLastAuthError] Current auth error: None
2025-04-25 08:27:40.705: [INFO][SyncAuthManager::EdgeLogTokenErrorState] Token error with: None for account type: MSA
2025-04-25 08:27:40.705: [INFO][Sync] Credentials changed for: EdgeSyncScopeNew
2025-04-25 08:27:41.877: [INFO][SyncAuthManager::SetLastAuthError] Current auth error: None
2025-04-25 08:27:41.877: [INFO][SyncAuthManager::EdgeLogTokenErrorState] Token error with: None for account type: MSA
2025-04-25 08:27:41.877: [INFO][Sync] Credentials changed for: EdgeSyncKeyDataScope
2025-04-25 08:27:41.877: [INFO][SyncEngineBackend::DoUpdateKeyDataCredentials] Update key data credentials
2025-04-25 08:27:41.877: [INFO][SyncEngineBackend::DoUpdateCredentials] Update credentials
2025-04-25 08:27:41.878: [INFO][SyncSchedulerImpl::DoConfigurationSyncCycleJob] Blocked types:  and types to download: Encryption Keys
2025-04-25 08:27:42.357: [INFO][Sync] Started DataTypeManager configuration, reason: 4
2025-04-25 08:27:42.358: [INFO][Sync] Configuring for: Bookmarks, Preferences, Passwords, Autofill Profiles, Autofill, Extensions, Sessions, Extension settings, History Delete Directives, Device Info, User Consents, Send Tab To Self, Web Apps, History, Saved Tab Group, Collection, Edge E Drop, Edge Hub App Usage, Edge Tab Group, Edge Wallet, Encryption Keys, reason: 4, current state: 0
2025-04-25 08:27:42.358: [WARN][Sync] Crypto error data types: Passwords, Autofill Profiles, Autofill
2025-04-25 08:27:42.360: [INFO][Sync] Configure, desired: Bookmarks, Preferences, Extensions, Sessions, Extension settings, History Delete Directives, Device Info, User Consents, Send Tab To Self, Web Apps, History, Saved Tab Group, Collection, Edge E Drop, Edge Hub App Usage, Edge Tab Group, Edge Wallet, Encryption Keys; Allow fail: Passwords, Autofill Profiles, Autofill
2025-04-25 08:27:42.361: [INFO][Sync] Loading: Bookmarks
2025-04-25 08:27:42.361: [INFO][Sync] Loading: Preferences
2025-04-25 08:27:42.361: [INFO][Sync] Loading: Extensions
2025-04-25 08:27:42.361: [INFO][Sync] Loading: Sessions
2025-04-25 08:27:42.361: [INFO][Sync] Loading: Extension settings
2025-04-25 08:27:42.361: [INFO][Sync] Loading: History Delete Directives
2025-04-25 08:27:42.362: [INFO][Sync] Loading: Device Info
2025-04-25 08:27:42.362: [INFO][Sync] Loading: User Consents
2025-04-25 08:27:42.362: [INFO][Sync] Loading: Send Tab To Self
2025-04-25 08:27:42.362: [INFO][Sync] Loading: Web Apps
2025-04-25 08:27:42.362: [INFO][Sync] Loading: History
2025-04-25 08:27:42.362: [INFO][Sync] Loading: Saved Tab Group
2025-04-25 08:27:42.362: [INFO][Sync] Loading: Collection
2025-04-25 08:27:42.362: [INFO][Sync] Loading: Edge E Drop
2025-04-25 08:27:42.362: [INFO][Sync] Loading: Edge Hub App Usage
2025-04-25 08:27:42.362: [INFO][Sync] Loading: Edge Tab Group
2025-04-25 08:27:42.362: [INFO][Sync] Loading: Edge Wallet
2025-04-25 08:27:42.376: [INFO][Sync] All data types are ready for configure.
2025-04-25 08:27:42.970: [INFO][Sync] Started DataTypeManager configuration, reason: 5
2025-04-25 08:27:42.970: [INFO][Sync] Configuring for: Bookmarks, Preferences, Passwords, Autofill Profiles, Autofill, Extensions, Sessions, Extension settings, History Delete Directives, Device Info, User Consents, Send Tab To Self, Web Apps, History, Saved Tab Group, Collection, Edge E Drop, Edge Hub App Usage, Edge Tab Group, Edge Wallet, Encryption Keys, reason: 5, current state: 1
2025-04-25 08:27:42.974: [INFO][SyncEngineBackend::DoStartConfiguration] Start configuration
2025-04-25 08:27:42.975: [INFO][SyncManagerImpl::ConfigureSyncer] Types to download:  with reason: 4
2025-04-25 08:27:42.975: [INFO][SyncEngineBackend::DoFinishConfigureDataTypes] Failed to download types:  and succeeded types: 
2025-04-25 08:27:42.976: [INFO][Sync] ConfigurationDone, failed: , succeeded: , remaining count: 4
2025-04-25 08:27:42.976: [WARN][Sync]     Reconfigure requested while configuration ongoing.
2025-04-25 08:27:42.976: [INFO][Sync] Configuring for: Bookmarks, Preferences, Passwords, Autofill Profiles, Autofill, Extensions, Sessions, Extension settings, History Delete Directives, Device Info, User Consents, Send Tab To Self, Web Apps, History, Saved Tab Group, Collection, Edge E Drop, Edge Hub App Usage, Edge Tab Group, Edge Wallet, Encryption Keys, reason: 5, current state: 2
2025-04-25 08:27:42.976: [INFO][Sync] Configure, desired: Bookmarks, Preferences, Passwords, Autofill Profiles, Autofill, Extensions, Sessions, Extension settings, History Delete Directives, Device Info, User Consents, Send Tab To Self, Web Apps, History, Saved Tab Group, Collection, Edge E Drop, Edge Hub App Usage, Edge Tab Group, Edge Wallet, Encryption Keys; Allow fail: 
2025-04-25 08:27:42.976: [INFO][Sync] Loading: Passwords
2025-04-25 08:27:42.976: [INFO][Sync] Loading: Autofill Profiles
2025-04-25 08:27:42.976: [INFO][Sync] Loading: Autofill
2025-04-25 08:27:42.976: [INFO][Sync] All data types are ready for configure.
2025-04-25 08:27:42.976: [INFO][SyncManagerImpl::NudgeForInitialDownload] Initial download nudge for Passwords
2025-04-25 08:27:42.976: [INFO][SyncManagerImpl::ConfigureSyncer] Types to download:  with reason: 5
2025-04-25 08:27:42.977: [INFO][SyncEngineBackend::DoFinishConfigureDataTypes] Failed to download types:  and succeeded types: 
2025-04-25 08:27:42.977: [INFO][Sync] ConfigurationDone, failed: , succeeded: , remaining count: 4
2025-04-25 08:27:42.977: [INFO][Sync] Prepare to configure types: Passwords, Encryption Keys
2025-04-25 08:27:42.977: [INFO][SyncManagerImpl::ConfigureSyncer] Types to download: Passwords, Encryption Keys with reason: 5
2025-04-25 08:27:42.977: [INFO][SyncSchedulerImpl::DoConfigurationSyncCycleJob] Blocked types:  and types to download: Passwords, Encryption Keys
2025-04-25 08:27:43.447: [INFO][SyncEngineBackend::DoFinishConfigureDataTypes] Failed to download types:  and succeeded types: Passwords, Encryption Keys
2025-04-25 08:27:43.450: [INFO][Sync] ConfigurationDone, failed: , succeeded: Passwords, Encryption Keys, remaining count: 3
2025-04-25 08:27:43.450: [INFO][SyncManagerImpl::ConfigureSyncer] Types to download:  with reason: 5
2025-04-25 08:27:43.450: [INFO][SyncEngineBackend::DoFinishConfigureDataTypes] Failed to download types:  and succeeded types: 
2025-04-25 08:27:43.450: [INFO][Sync] ConfigurationDone, failed: , succeeded: , remaining count: 2
2025-04-25 08:27:43.450: [INFO][SyncManagerImpl::ConfigureSyncer] Types to download:  with reason: 5
2025-04-25 08:27:43.450: [INFO][SyncEngineBackend::DoFinishConfigureDataTypes] Failed to download types:  and succeeded types: 
2025-04-25 08:27:43.452: [INFO][Sync] ConfigurationDone, failed: , succeeded: , remaining count: 1
2025-04-25 08:27:43.454: [INFO][SyncManagerImpl::ConfigureSyncer] Types to download:  with reason: 5
2025-04-25 08:27:43.454: [INFO][SyncEngineBackend::DoFinishConfigureDataTypes] Failed to download types:  and succeeded types: 
2025-04-25 08:27:43.454: [INFO][Sync] ConfigurationDone, failed: , succeeded: , remaining count: 0
2025-04-25 08:27:43.456: [INFO][Sync]     Configuration completed, state: 7
2025-04-25 08:27:43.456: [INFO][Sync] Configured DataTypeManager: Ok
2025-04-25 08:27:43.458: [INFO][SyncEngineBackend::DoStartSyncing] Start syncing
